2024-08-24 08:58:21 INFO [com.netflix.discovery.shared.resolver.aws.ConfigClusterResolver]: Resolving eureka endpoints via configuration
2024-08-24 09:03:21 INFO [com.netflix.discovery.shared.resolver.aws.ConfigClusterResolver]: Resolving eureka endpoints via configuration
2024-08-24 09:08:21 INFO [com.netflix.discovery.shared.resolver.aws.ConfigClusterResolver]: Resolving eureka endpoints via configuration
2024-08-24 09:13:21 INFO [com.netflix.discovery.shared.resolver.aws.ConfigClusterResolver]: Resolving eureka endpoints via configuration
2024-08-24 09:18:21 INFO [com.netflix.discovery.shared.resolver.aws.ConfigClusterResolver]: Resolving eureka endpoints via configuration
2024-08-24 09:23:21 INFO [com.netflix.discovery.shared.resolver.aws.ConfigClusterResolver]: Resolving eureka endpoints via configuration
2024-08-24 09:28:21 INFO [com.netflix.discovery.shared.resolver.aws.ConfigClusterResolver]: Resolving eureka endpoints via configuration
2024-08-24 09:33:21 INFO [com.netflix.discovery.shared.resolver.aws.ConfigClusterResolver]: Resolving eureka endpoints via configuration
2024-08-24 09:38:21 INFO [com.netflix.discovery.shared.resolver.aws.ConfigClusterResolver]: Resolving eureka endpoints via configuration
2024-08-24 09:43:21 INFO [com.netflix.discovery.shared.resolver.aws.ConfigClusterResolver]: Resolving eureka endpoints via configuration
2024-08-24 09:48:21 INFO [com.netflix.discovery.shared.resolver.aws.ConfigClusterResolver]: Resolving eureka endpoints via configuration
2024-08-24 09:53:21 INFO [com.netflix.discovery.shared.resolver.aws.ConfigClusterResolver]: Resolving eureka endpoints via configuration
2024-08-24 09:58:21 INFO [com.netflix.discovery.shared.resolver.aws.ConfigClusterResolver]: Resolving eureka endpoints via configuration
2024-08-24 10:03:21 INFO [com.netflix.discovery.shared.resolver.aws.ConfigClusterResolver]: Resolving eureka endpoints via configuration
2024-08-24 10:08:21 INFO [com.netflix.discovery.shared.resolver.aws.ConfigClusterResolver]: Resolving eureka endpoints via configuration
2024-08-24 10:13:21 INFO [com.netflix.discovery.shared.resolver.aws.ConfigClusterResolver]: Resolving eureka endpoints via configuration
2024-08-24 10:18:21 INFO [com.netflix.discovery.shared.resolver.aws.ConfigClusterResolver]: Resolving eureka endpoints via configuration
2024-08-24 10:23:21 INFO [com.netflix.discovery.shared.resolver.aws.ConfigClusterResolver]: Resolving eureka endpoints via configuration
2024-08-24 10:28:21 INFO [com.netflix.discovery.shared.resolver.aws.ConfigClusterResolver]: Resolving eureka endpoints via configuration
2024-08-24 10:33:21 INFO [com.netflix.discovery.shared.resolver.aws.ConfigClusterResolver]: Resolving eureka endpoints via configuration
2024-08-24 10:38:21 INFO [com.netflix.discovery.shared.resolver.aws.ConfigClusterResolver]: Resolving eureka endpoints via configuration
2024-08-24 10:43:21 INFO [com.netflix.discovery.shared.resolver.aws.ConfigClusterResolver]: Resolving eureka endpoints via configuration
2024-08-24 10:48:21 INFO [com.netflix.discovery.shared.resolver.aws.ConfigClusterResolver]: Resolving eureka endpoints via configuration
2024-08-24 10:53:21 INFO [com.netflix.discovery.shared.resolver.aws.ConfigClusterResolver]: Resolving eureka endpoints via configuration
2024-08-24 10:58:21 INFO [com.netflix.discovery.shared.resolver.aws.ConfigClusterResolver]: Resolving eureka endpoints via configuration
2024-08-24 11:03:21 INFO [com.netflix.discovery.shared.resolver.aws.ConfigClusterResolver]: Resolving eureka endpoints via configuration
2024-08-24 11:08:21 INFO [com.netflix.discovery.shared.resolver.aws.ConfigClusterResolver]: Resolving eureka endpoints via configuration
2024-08-24 11:13:21 INFO [com.netflix.discovery.shared.resolver.aws.ConfigClusterResolver]: Resolving eureka endpoints via configuration
2024-08-24 11:18:21 INFO [com.netflix.discovery.shared.resolver.aws.ConfigClusterResolver]: Resolving eureka endpoints via configuration
2024-08-24 11:23:21 INFO [com.netflix.discovery.shared.resolver.aws.ConfigClusterResolver]: Resolving eureka endpoints via configuration
2024-08-24 11:28:21 INFO [com.netflix.discovery.shared.resolver.aws.ConfigClusterResolver]: Resolving eureka endpoints via configuration
2024-08-24 11:33:21 INFO [com.netflix.discovery.shared.resolver.aws.ConfigClusterResolver]: Resolving eureka endpoints via configuration
2024-08-24 11:38:21 INFO [com.netflix.discovery.shared.resolver.aws.ConfigClusterResolver]: Resolving eureka endpoints via configuration
2024-08-24 11:43:21 INFO [com.netflix.discovery.shared.resolver.aws.ConfigClusterResolver]: Resolving eureka endpoints via configuration
2024-08-24 11:48:21 INFO [com.netflix.discovery.shared.resolver.aws.ConfigClusterResolver]: Resolving eureka endpoints via configuration
2024-08-24 11:53:21 INFO [com.netflix.discovery.shared.resolver.aws.ConfigClusterResolver]: Resolving eureka endpoints via configuration
2024-08-24 11:58:21 INFO [com.netflix.discovery.shared.resolver.aws.ConfigClusterResolver]: Resolving eureka endpoints via configuration
2024-08-24 12:03:21 INFO [com.netflix.discovery.shared.resolver.aws.ConfigClusterResolver]: Resolving eureka endpoints via configuration
2024-08-24 12:08:21 INFO [com.netflix.discovery.shared.resolver.aws.ConfigClusterResolver]: Resolving eureka endpoints via configuration
2024-08-24 12:13:21 INFO [com.netflix.discovery.shared.resolver.aws.ConfigClusterResolver]: Resolving eureka endpoints via configuration
2024-08-24 12:18:21 INFO [com.netflix.discovery.shared.resolver.aws.ConfigClusterResolver]: Resolving eureka endpoints via configuration
2024-08-24 12:23:21 INFO [com.netflix.discovery.shared.resolver.aws.ConfigClusterResolver]: Resolving eureka endpoints via configuration
2024-08-24 12:28:21 INFO [com.netflix.discovery.shared.resolver.aws.ConfigClusterResolver]: Resolving eureka endpoints via configuration
2024-08-24 12:33:21 INFO [com.netflix.discovery.shared.resolver.aws.ConfigClusterResolver]: Resolving eureka endpoints via configuration
2024-08-24 12:38:21 INFO [com.netflix.discovery.shared.resolver.aws.ConfigClusterResolver]: Resolving eureka endpoints via configuration
2024-08-24 12:43:21 INFO [com.netflix.discovery.shared.resolver.aws.ConfigClusterResolver]: Resolving eureka endpoints via configuration
2024-08-24 12:48:21 INFO [com.netflix.discovery.shared.resolver.aws.ConfigClusterResolver]: Resolving eureka endpoints via configuration
2024-08-24 12:53:21 INFO [com.netflix.discovery.shared.resolver.aws.ConfigClusterResolver]: Resolving eureka endpoints via configuration
2024-08-24 12:58:21 INFO [com.netflix.discovery.shared.resolver.aws.ConfigClusterResolver]: Resolving eureka endpoints via configuration
2024-08-24 13:03:21 INFO [com.netflix.discovery.shared.resolver.aws.ConfigClusterResolver]: Resolving eureka endpoints via configuration
2024-08-24 13:08:21 INFO [com.netflix.discovery.shared.resolver.aws.ConfigClusterResolver]: Resolving eureka endpoints via configuration
2024-08-24 13:13:21 INFO [com.netflix.discovery.shared.resolver.aws.ConfigClusterResolver]: Resolving eureka endpoints via configuration
2024-08-24 13:18:21 INFO [com.netflix.discovery.shared.resolver.aws.ConfigClusterResolver]: Resolving eureka endpoints via configuration
2024-08-24 13:23:21 INFO [com.netflix.discovery.shared.resolver.aws.ConfigClusterResolver]: Resolving eureka endpoints via configuration
2024-08-24 13:28:21 INFO [com.netflix.discovery.shared.resolver.aws.ConfigClusterResolver]: Resolving eureka endpoints via configuration
2024-08-24 13:33:21 INFO [com.netflix.discovery.shared.resolver.aws.ConfigClusterResolver]: Resolving eureka endpoints via configuration
2024-08-24 13:38:21 INFO [com.netflix.discovery.shared.resolver.aws.ConfigClusterResolver]: Resolving eureka endpoints via configuration
2024-08-24 13:43:21 INFO [com.netflix.discovery.shared.resolver.aws.ConfigClusterResolver]: Resolving eureka endpoints via configuration
2024-08-24 13:48:21 INFO [com.netflix.discovery.shared.resolver.aws.ConfigClusterResolver]: Resolving eureka endpoints via configuration
2024-08-24 13:53:21 INFO [com.netflix.discovery.shared.resolver.aws.ConfigClusterResolver]: Resolving eureka endpoints via configuration
2024-08-24 13:58:21 INFO [com.netflix.discovery.shared.resolver.aws.ConfigClusterResolver]: Resolving eureka endpoints via configuration
2024-08-24 14:03:22 INFO [com.netflix.discovery.shared.resolver.aws.ConfigClusterResolver]: Resolving eureka endpoints via configuration
2024-08-24 15:41:30 INFO [org.springframework.cloud.commons.util.InetUtils]: Cannot determine local hostname
2024-08-24 15:41:30 INFO [com.example.contentservice.ContentServiceApplication]: Starting ContentServiceApplication using Java 20.0.2 on GJS-20230828PFY with PID 34600 (D:\上课资料\软工大作业\final-music\music-web-master\content-service\target\classes started by Windows11 in D:\上课资料\软工大作业\final-music\music-web-master\content-service)
2024-08-24 15:41:30 INFO [com.example.contentservice.ContentServiceApplication]: The following profiles are active: dev
2024-08-24 15:41:30 INFO [org.springframework.boot.devtools.env.DevToolsPropertyDefaultsPostProcessor]: Devtools property defaults active! Set 'spring.devtools.add-properties' to 'false' to disable
2024-08-24 15:41:30 INFO [org.springframework.boot.devtools.env.DevToolsPropertyDefaultsPostProcessor]: For additional web related logging consider setting the 'logging.level.web' property to 'DEBUG'
2024-08-24 15:41:30 INFO [org.springframework.data.repository.config.RepositoryConfigurationDelegate]: Multiple Spring Data modules found, entering strict repository configuration mode!
2024-08-24 15:41:30 INFO [org.springframework.data.repository.config.RepositoryConfigurationDelegate]: Bootstrapping Spring Data Redis repositories in DEFAULT mode.
2024-08-24 15:41:30 INFO [org.springframework.data.repository.config.RepositoryConfigurationDelegate]: Finished Spring Data repository scanning in 7 ms. Found 0 Redis repository interfaces.
2024-08-24 15:41:31 INFO [org.springframework.cloud.context.scope.GenericScope]: BeanFactory id=e069d1ca-fb6a-352b-8100-bc03234fbb55
2024-08-24 15:41:31 INFO [org.springframework.cloud.openfeign.FeignClientFactoryBean]: For 'social-service' URL not provided. Will try picking an instance via load-balancing.
2024-08-24 15:41:31 INFO [org.springframework.cloud.openfeign.FeignClientFactoryBean]: For 'consumer-service' URL not provided. Will try picking an instance via load-balancing.
2024-08-24 15:41:32 INFO [org.springframework.boot.web.embedded.tomcat.TomcatWebServer]: Tomcat initialized with port(s): 8082 (http)
2024-08-24 15:41:32 INFO [org.springframework.boot.web.servlet.context.ServletWebServerApplicationContext]: Root WebApplicationContext: initialization completed in 1812 ms
2024-08-24 15:41:32 WARN [org.springframework.boot.devtools.autoconfigure.OptionalLiveReloadServer]: Unable to start LiveReload server
2024-08-24 15:41:34 INFO [org.springframework.cloud.commons.util.InetUtils]: Cannot determine local hostname
2024-08-24 15:41:34 INFO [org.springframework.cloud.netflix.eureka.config.DiscoveryClientOptionalArgsConfiguration]: Eureka HTTP Client uses RestTemplate.
2024-08-24 15:41:35 INFO [org.springframework.cloud.commons.util.InetUtils]: Cannot determine local hostname
2024-08-24 15:41:35 WARN [org.springframework.cloud.loadbalancer.config.LoadBalancerCacheAutoConfiguration$LoadBalancerCaffeineWarnLogger]: Spring Cloud LoadBalancer is currently working with the default cache. While this cache implementation is useful for development and tests, it's recommended to use Caffeine cache in production.You can switch to using Caffeine cache, by adding it and org.springframework.cache.caffeine.CaffeineCacheManager to the classpath.
2024-08-24 15:41:35 INFO [org.springframework.cloud.netflix.eureka.InstanceInfoFactory]: Setting initial instance status as: STARTING
2024-08-24 15:41:35 INFO [com.netflix.discovery.DiscoveryClient]: Initializing Eureka in region us-east-1
2024-08-24 15:41:35 INFO [com.netflix.discovery.shared.resolver.aws.ConfigClusterResolver]: Resolving eureka endpoints via configuration
2024-08-24 15:41:35 INFO [com.netflix.discovery.DiscoveryClient]: Disable delta property : false
2024-08-24 15:41:35 INFO [com.netflix.discovery.DiscoveryClient]: Single vip registry refresh property : null
2024-08-24 15:41:35 INFO [com.netflix.discovery.DiscoveryClient]: Force full registry fetch : false
2024-08-24 15:41:35 INFO [com.netflix.discovery.DiscoveryClient]: Application is null : false
2024-08-24 15:41:35 INFO [com.netflix.discovery.DiscoveryClient]: Registered Applications size is zero : true
2024-08-24 15:41:35 INFO [com.netflix.discovery.DiscoveryClient]: Application version is -1: true
2024-08-24 15:41:35 INFO [com.netflix.discovery.DiscoveryClient]: Getting all instance registry info from the eureka server
2024-08-24 15:41:35 INFO [com.netflix.discovery.DiscoveryClient]: The response status is 200
2024-08-24 15:41:35 INFO [com.netflix.discovery.DiscoveryClient]: Starting heartbeat executor: renew interval is: 30
2024-08-24 15:41:35 INFO [com.netflix.discovery.InstanceInfoReplicator]: InstanceInfoReplicator onDemand update allowed rate per min is 4
2024-08-24 15:41:35 INFO [com.netflix.discovery.DiscoveryClient]: Discovery Client initialized at timestamp 1724485295585 with initial instances count: 2
2024-08-24 15:41:35 INFO [org.springframework.cloud.netflix.eureka.serviceregistry.EurekaServiceRegistry]: Registering application CONTENT-SERVICE with eureka with status UP
2024-08-24 15:41:35 INFO [com.netflix.discovery.DiscoveryClient]: Saw local status change event StatusChangeEvent [timestamp=1724485295587, current=UP, previous=STARTING]
2024-08-24 15:41:35 INFO [com.netflix.discovery.DiscoveryClient]: DiscoveryClient_CONTENT-SERVICE/localhost:content-service:8082: registering service...
2024-08-24 15:41:35 INFO [org.springframework.boot.web.embedded.tomcat.TomcatWebServer]: Tomcat started on port(s): 8082 (http) with context path ''
2024-08-24 15:41:35 INFO [org.springframework.cloud.netflix.eureka.serviceregistry.EurekaAutoServiceRegistration]: Updating port to 8082
2024-08-24 15:41:35 INFO [com.netflix.discovery.DiscoveryClient]: DiscoveryClient_CONTENT-SERVICE/localhost:content-service:8082 - registration status: 204
2024-08-24 15:41:36 INFO [org.springframework.cloud.commons.util.InetUtils]: Cannot determine local hostname
2024-08-24 15:41:36 INFO [com.example.contentservice.ContentServiceApplication]: Started ContentServiceApplication in 7.912 seconds (JVM running for 8.236)
2024-08-24 15:46:35 INFO [com.netflix.discovery.shared.resolver.aws.ConfigClusterResolver]: Resolving eureka endpoints via configuration
2024-08-24 15:51:35 INFO [com.netflix.discovery.shared.resolver.aws.ConfigClusterResolver]: Resolving eureka endpoints via configuration
2024-08-24 15:56:35 INFO [com.netflix.discovery.shared.resolver.aws.ConfigClusterResolver]: Resolving eureka endpoints via configuration
2024-08-24 16:01:35 INFO [com.netflix.discovery.shared.resolver.aws.ConfigClusterResolver]: Resolving eureka endpoints via configuration
2024-08-24 16:06:35 INFO [com.netflix.discovery.shared.resolver.aws.ConfigClusterResolver]: Resolving eureka endpoints via configuration
2024-08-24 16:10:52 INFO [org.springframework.web.servlet.DispatcherServlet]: Initializing Servlet 'dispatcherServlet'
2024-08-24 16:10:52 INFO [org.springframework.web.servlet.DispatcherServlet]: Completed initialization in 1 ms
2024-08-24 16:11:35 INFO [com.netflix.discovery.shared.resolver.aws.ConfigClusterResolver]: Resolving eureka endpoints via configuration
2024-08-24 16:16:35 INFO [com.netflix.discovery.shared.resolver.aws.ConfigClusterResolver]: Resolving eureka endpoints via configuration
2024-08-24 16:21:35 INFO [com.netflix.discovery.shared.resolver.aws.ConfigClusterResolver]: Resolving eureka endpoints via configuration
2024-08-24 16:26:35 INFO [com.netflix.discovery.shared.resolver.aws.ConfigClusterResolver]: Resolving eureka endpoints via configuration
2024-08-24 16:31:35 INFO [com.netflix.discovery.shared.resolver.aws.ConfigClusterResolver]: Resolving eureka endpoints via configuration
2024-08-24 16:36:35 INFO [com.netflix.discovery.shared.resolver.aws.ConfigClusterResolver]: Resolving eureka endpoints via configuration
2024-08-24 16:41:35 INFO [com.netflix.discovery.shared.resolver.aws.ConfigClusterResolver]: Resolving eureka endpoints via configuration
2024-08-24 16:46:35 INFO [com.netflix.discovery.shared.resolver.aws.ConfigClusterResolver]: Resolving eureka endpoints via configuration
2024-08-24 16:51:35 INFO [com.netflix.discovery.shared.resolver.aws.ConfigClusterResolver]: Resolving eureka endpoints via configuration
2024-08-24 16:56:35 INFO [com.netflix.discovery.shared.resolver.aws.ConfigClusterResolver]: Resolving eureka endpoints via configuration
2024-08-24 17:01:35 INFO [com.netflix.discovery.shared.resolver.aws.ConfigClusterResolver]: Resolving eureka endpoints via configuration
2024-08-24 17:06:35 INFO [com.netflix.discovery.shared.resolver.aws.ConfigClusterResolver]: Resolving eureka endpoints via configuration
2024-08-24 17:11:35 INFO [com.netflix.discovery.shared.resolver.aws.ConfigClusterResolver]: Resolving eureka endpoints via configuration
2024-08-24 17:16:35 INFO [com.netflix.discovery.shared.resolver.aws.ConfigClusterResolver]: Resolving eureka endpoints via configuration
2024-08-24 17:21:35 INFO [com.netflix.discovery.shared.resolver.aws.ConfigClusterResolver]: Resolving eureka endpoints via configuration
2024-08-24 17:26:35 INFO [com.netflix.discovery.shared.resolver.aws.ConfigClusterResolver]: Resolving eureka endpoints via configuration
2024-08-24 17:31:35 INFO [com.netflix.discovery.shared.resolver.aws.ConfigClusterResolver]: Resolving eureka endpoints via configuration
2024-08-24 17:36:35 INFO [com.netflix.discovery.shared.resolver.aws.ConfigClusterResolver]: Resolving eureka endpoints via configuration
2024-08-24 17:41:35 INFO [com.netflix.discovery.shared.resolver.aws.ConfigClusterResolver]: Resolving eureka endpoints via configuration
2024-08-24 17:46:29 INFO [com.zaxxer.hikari.HikariDataSource]: HikariPool-1 - Starting...
2024-08-24 17:46:29 INFO [com.zaxxer.hikari.HikariDataSource]: HikariPool-1 - Start completed.
2024-08-24 17:46:35 INFO [com.netflix.discovery.shared.resolver.aws.ConfigClusterResolver]: Resolving eureka endpoints via configuration
2024-08-24 17:51:35 INFO [com.netflix.discovery.shared.resolver.aws.ConfigClusterResolver]: Resolving eureka endpoints via configuration
2024-08-24 17:56:35 INFO [com.netflix.discovery.shared.resolver.aws.ConfigClusterResolver]: Resolving eureka endpoints via configuration
2024-08-24 18:01:35 INFO [com.netflix.discovery.shared.resolver.aws.ConfigClusterResolver]: Resolving eureka endpoints via configuration
2024-08-24 18:06:35 INFO [com.netflix.discovery.shared.resolver.aws.ConfigClusterResolver]: Resolving eureka endpoints via configuration
2024-08-24 18:11:35 INFO [com.netflix.discovery.shared.resolver.aws.ConfigClusterResolver]: Resolving eureka endpoints via configuration
2024-08-24 18:16:35 INFO [com.netflix.discovery.shared.resolver.aws.ConfigClusterResolver]: Resolving eureka endpoints via configuration
2024-08-24 18:21:35 INFO [com.netflix.discovery.shared.resolver.aws.ConfigClusterResolver]: Resolving eureka endpoints via configuration
2024-08-24 18:26:35 INFO [com.netflix.discovery.shared.resolver.aws.ConfigClusterResolver]: Resolving eureka endpoints via configuration
2024-08-24 18:31:35 INFO [com.netflix.discovery.shared.resolver.aws.ConfigClusterResolver]: Resolving eureka endpoints via configuration
2024-08-24 18:36:35 INFO [com.netflix.discovery.shared.resolver.aws.ConfigClusterResolver]: Resolving eureka endpoints via configuration
2024-08-24 18:41:35 INFO [com.netflix.discovery.shared.resolver.aws.ConfigClusterResolver]: Resolving eureka endpoints via configuration
2024-08-24 18:46:35 INFO [com.netflix.discovery.shared.resolver.aws.ConfigClusterResolver]: Resolving eureka endpoints via configuration
2024-08-24 18:51:35 INFO [com.netflix.discovery.shared.resolver.aws.ConfigClusterResolver]: Resolving eureka endpoints via configuration
2024-08-24 18:56:35 INFO [com.netflix.discovery.shared.resolver.aws.ConfigClusterResolver]: Resolving eureka endpoints via configuration
2024-08-24 19:01:35 INFO [com.netflix.discovery.shared.resolver.aws.ConfigClusterResolver]: Resolving eureka endpoints via configuration
2024-08-24 19:06:35 INFO [com.netflix.discovery.shared.resolver.aws.ConfigClusterResolver]: Resolving eureka endpoints via configuration
2024-08-24 19:11:35 INFO [com.netflix.discovery.shared.resolver.aws.ConfigClusterResolver]: Resolving eureka endpoints via configuration
2024-08-24 19:16:35 INFO [com.netflix.discovery.shared.resolver.aws.ConfigClusterResolver]: Resolving eureka endpoints via configuration
2024-08-24 19:21:35 INFO [com.netflix.discovery.shared.resolver.aws.ConfigClusterResolver]: Resolving eureka endpoints via configuration
2024-08-24 19:26:35 INFO [com.netflix.discovery.shared.resolver.aws.ConfigClusterResolver]: Resolving eureka endpoints via configuration
2024-08-24 19:31:35 INFO [com.netflix.discovery.shared.resolver.aws.ConfigClusterResolver]: Resolving eureka endpoints via configuration
2024-08-24 19:36:35 INFO [com.netflix.discovery.shared.resolver.aws.ConfigClusterResolver]: Resolving eureka endpoints via configuration
2024-08-24 19:41:35 INFO [com.netflix.discovery.shared.resolver.aws.ConfigClusterResolver]: Resolving eureka endpoints via configuration
2024-08-24 19:46:35 INFO [com.netflix.discovery.shared.resolver.aws.ConfigClusterResolver]: Resolving eureka endpoints via configuration
2024-08-24 19:51:35 INFO [com.netflix.discovery.shared.resolver.aws.ConfigClusterResolver]: Resolving eureka endpoints via configuration
2024-08-24 19:56:35 INFO [com.netflix.discovery.shared.resolver.aws.ConfigClusterResolver]: Resolving eureka endpoints via configuration
2024-08-24 20:01:35 INFO [com.netflix.discovery.shared.resolver.aws.ConfigClusterResolver]: Resolving eureka endpoints via configuration
2024-08-24 20:06:35 INFO [com.netflix.discovery.shared.resolver.aws.ConfigClusterResolver]: Resolving eureka endpoints via configuration
2024-08-24 20:11:35 INFO [com.netflix.discovery.shared.resolver.aws.ConfigClusterResolver]: Resolving eureka endpoints via configuration
2024-08-24 20:16:35 INFO [com.netflix.discovery.shared.resolver.aws.ConfigClusterResolver]: Resolving eureka endpoints via configuration
2024-08-24 20:21:35 INFO [com.netflix.discovery.shared.resolver.aws.ConfigClusterResolver]: Resolving eureka endpoints via configuration
2024-08-24 20:26:35 INFO [com.netflix.discovery.shared.resolver.aws.ConfigClusterResolver]: Resolving eureka endpoints via configuration
2024-08-24 20:31:35 INFO [com.netflix.discovery.shared.resolver.aws.ConfigClusterResolver]: Resolving eureka endpoints via configuration
2024-08-24 20:36:35 INFO [com.netflix.discovery.shared.resolver.aws.ConfigClusterResolver]: Resolving eureka endpoints via configuration
2024-08-24 20:41:35 INFO [com.netflix.discovery.shared.resolver.aws.ConfigClusterResolver]: Resolving eureka endpoints via configuration
2024-08-24 20:46:35 INFO [com.netflix.discovery.shared.resolver.aws.ConfigClusterResolver]: Resolving eureka endpoints via configuration
2024-08-24 20:51:35 INFO [com.netflix.discovery.shared.resolver.aws.ConfigClusterResolver]: Resolving eureka endpoints via configuration
2024-08-24 20:56:36 INFO [com.netflix.discovery.shared.resolver.aws.ConfigClusterResolver]: Resolving eureka endpoints via configuration
2024-08-24 21:01:36 INFO [com.netflix.discovery.shared.resolver.aws.ConfigClusterResolver]: Resolving eureka endpoints via configuration
2024-08-24 21:10:41 INFO [com.example.contentservice.ContentServiceApplication]: Starting ContentServiceApplication using Java 20.0.2 on GJS-20230828PFY with PID 47564 (D:\上课资料\软工大作业\final-music\music-web-master\content-service\target\classes started by Windows11 in D:\上课资料\软工大作业\final-music\music-web-master\content-service)
2024-08-24 21:10:41 INFO [com.example.contentservice.ContentServiceApplication]: The following profiles are active: dev
2024-08-24 21:10:41 INFO [org.springframework.boot.devtools.env.DevToolsPropertyDefaultsPostProcessor]: Devtools property defaults active! Set 'spring.devtools.add-properties' to 'false' to disable
2024-08-24 21:10:41 INFO [org.springframework.boot.devtools.env.DevToolsPropertyDefaultsPostProcessor]: For additional web related logging consider setting the 'logging.level.web' property to 'DEBUG'
2024-08-24 21:10:42 INFO [org.springframework.data.repository.config.RepositoryConfigurationDelegate]: Multiple Spring Data modules found, entering strict repository configuration mode!
2024-08-24 21:10:42 INFO [org.springframework.data.repository.config.RepositoryConfigurationDelegate]: Bootstrapping Spring Data Redis repositories in DEFAULT mode.
2024-08-24 21:10:42 INFO [org.springframework.data.repository.config.RepositoryConfigurationDelegate]: Finished Spring Data repository scanning in 6 ms. Found 0 Redis repository interfaces.
2024-08-24 21:10:42 INFO [org.springframework.cloud.context.scope.GenericScope]: BeanFactory id=e069d1ca-fb6a-352b-8100-bc03234fbb55
2024-08-24 21:10:43 INFO [org.springframework.cloud.openfeign.FeignClientFactoryBean]: For 'social-service' URL not provided. Will try picking an instance via load-balancing.
2024-08-24 21:10:43 INFO [org.springframework.cloud.openfeign.FeignClientFactoryBean]: For 'consumer-service' URL not provided. Will try picking an instance via load-balancing.
2024-08-24 21:10:43 INFO [org.springframework.boot.web.embedded.tomcat.TomcatWebServer]: Tomcat initialized with port(s): 8082 (http)
2024-08-24 21:10:43 INFO [org.springframework.boot.web.servlet.context.ServletWebServerApplicationContext]: Root WebApplicationContext: initialization completed in 1734 ms
2024-08-24 21:10:43 WARN [org.springframework.boot.devtools.autoconfigure.OptionalLiveReloadServer]: Unable to start LiveReload server
2024-08-24 21:10:44 INFO [org.springframework.cloud.netflix.eureka.config.DiscoveryClientOptionalArgsConfiguration]: Eureka HTTP Client uses RestTemplate.
2024-08-24 21:10:44 WARN [org.springframework.cloud.loadbalancer.config.LoadBalancerCacheAutoConfiguration$LoadBalancerCaffeineWarnLogger]: Spring Cloud LoadBalancer is currently working with the default cache. While this cache implementation is useful for development and tests, it's recommended to use Caffeine cache in production.You can switch to using Caffeine cache, by adding it and org.springframework.cache.caffeine.CaffeineCacheManager to the classpath.
2024-08-24 21:10:44 INFO [org.springframework.cloud.netflix.eureka.InstanceInfoFactory]: Setting initial instance status as: STARTING
2024-08-24 21:10:44 INFO [com.netflix.discovery.DiscoveryClient]: Initializing Eureka in region us-east-1
2024-08-24 21:10:44 INFO [com.netflix.discovery.shared.resolver.aws.ConfigClusterResolver]: Resolving eureka endpoints via configuration
2024-08-24 21:10:44 INFO [com.netflix.discovery.DiscoveryClient]: Disable delta property : false
2024-08-24 21:10:44 INFO [com.netflix.discovery.DiscoveryClient]: Single vip registry refresh property : null
2024-08-24 21:10:44 INFO [com.netflix.discovery.DiscoveryClient]: Force full registry fetch : false
2024-08-24 21:10:44 INFO [com.netflix.discovery.DiscoveryClient]: Application is null : false
2024-08-24 21:10:44 INFO [com.netflix.discovery.DiscoveryClient]: Registered Applications size is zero : true
2024-08-24 21:10:44 INFO [com.netflix.discovery.DiscoveryClient]: Application version is -1: true
2024-08-24 21:10:44 INFO [com.netflix.discovery.DiscoveryClient]: Getting all instance registry info from the eureka server
2024-08-24 21:10:44 INFO [com.netflix.discovery.DiscoveryClient]: The response status is 200
2024-08-24 21:10:44 INFO [com.netflix.discovery.DiscoveryClient]: Starting heartbeat executor: renew interval is: 30
2024-08-24 21:10:44 INFO [com.netflix.discovery.InstanceInfoReplicator]: InstanceInfoReplicator onDemand update allowed rate per min is 4
2024-08-24 21:10:44 INFO [com.netflix.discovery.DiscoveryClient]: Discovery Client initialized at timestamp 1724505044642 with initial instances count: 1
2024-08-24 21:10:44 INFO [org.springframework.cloud.netflix.eureka.serviceregistry.EurekaServiceRegistry]: Registering application CONTENT-SERVICE with eureka with status UP
2024-08-24 21:10:44 INFO [com.netflix.discovery.DiscoveryClient]: Saw local status change event StatusChangeEvent [timestamp=1724505044645, current=UP, previous=STARTING]
2024-08-24 21:10:44 INFO [com.netflix.discovery.DiscoveryClient]: DiscoveryClient_CONTENT-SERVICE/GJS-20230828PFY:content-service:8082: registering service...
2024-08-24 21:10:44 INFO [org.springframework.boot.web.embedded.tomcat.TomcatWebServer]: Tomcat started on port(s): 8082 (http) with context path ''
2024-08-24 21:10:44 INFO [org.springframework.cloud.netflix.eureka.serviceregistry.EurekaAutoServiceRegistration]: Updating port to 8082
2024-08-24 21:10:44 INFO [com.netflix.discovery.DiscoveryClient]: DiscoveryClient_CONTENT-SERVICE/GJS-20230828PFY:content-service:8082 - registration status: 204
2024-08-24 21:10:44 INFO [com.example.contentservice.ContentServiceApplication]: Started ContentServiceApplication in 3.7 seconds (JVM running for 4.009)
2024-08-24 21:14:59 INFO [org.springframework.web.servlet.DispatcherServlet]: Initializing Servlet 'dispatcherServlet'
2024-08-24 21:14:59 INFO [org.springframework.web.servlet.DispatcherServlet]: Completed initialization in 1 ms
2024-08-24 21:15:11 INFO [com.zaxxer.hikari.HikariDataSource]: HikariPool-1 - Starting...
2024-08-24 21:15:12 ERROR [com.zaxxer.hikari.pool.HikariPool]: HikariPool-1 - Exception during pool initialization.
java.sql.SQLSyntaxErrorException: Unknown database 'content_consumer_db'
	at com.mysql.cj.jdbc.exceptions.SQLError.createSQLException(SQLError.java:120)
	at com.mysql.cj.jdbc.exceptions.SQLError.createSQLException(SQLError.java:97)
	at com.mysql.cj.jdbc.exceptions.SQLExceptionsMapping.translateException(SQLExceptionsMapping.java:122)
	at com.mysql.cj.jdbc.ConnectionImpl.createNewIO(ConnectionImpl.java:835)
	at com.mysql.cj.jdbc.ConnectionImpl.<init>(ConnectionImpl.java:455)
	at com.mysql.cj.jdbc.ConnectionImpl.getInstance(ConnectionImpl.java:240)
	at com.mysql.cj.jdbc.NonRegisteringDriver.connect(NonRegisteringDriver.java:199)
	at com.zaxxer.hikari.util.DriverDataSource.getConnection(DriverDataSource.java:138)
	at com.zaxxer.hikari.pool.PoolBase.newConnection(PoolBase.java:364)
	at com.zaxxer.hikari.pool.PoolBase.newPoolEntry(PoolBase.java:206)
	at com.zaxxer.hikari.pool.HikariPool.createPoolEntry(HikariPool.java:476)
	at com.zaxxer.hikari.pool.HikariPool.checkFailFast(HikariPool.java:561)
	at com.zaxxer.hikari.pool.HikariPool.<init>(HikariPool.java:115)
	at com.zaxxer.hikari.HikariDataSource.getConnection(HikariDataSource.java:112)
	at org.springframework.jdbc.datasource.DataSourceUtils.fetchConnection(DataSourceUtils.java:159)
	at org.springframework.jdbc.datasource.DataSourceUtils.doGetConnection(DataSourceUtils.java:117)
	at org.springframework.jdbc.datasource.DataSourceUtils.getConnection(DataSourceUtils.java:80)
	at org.mybatis.spring.transaction.SpringManagedTransaction.openConnection(SpringManagedTransaction.java:80)
	at org.mybatis.spring.transaction.SpringManagedTransaction.getConnection(SpringManagedTransaction.java:67)
	at org.apache.ibatis.executor.BaseExecutor.getConnection(BaseExecutor.java:337)
	at org.apache.ibatis.executor.SimpleExecutor.prepareStatement(SimpleExecutor.java:86)
	at org.apache.ibatis.executor.SimpleExecutor.doUpdate(SimpleExecutor.java:49)
	at org.apache.ibatis.executor.BaseExecutor.update(BaseExecutor.java:117)
	at org.apache.ibatis.executor.CachingExecutor.update(CachingExecutor.java:76)
	at org.apache.ibatis.session.defaults.DefaultSqlSession.update(DefaultSqlSession.java:197)
	at org.apache.ibatis.session.defaults.DefaultSqlSession.insert(DefaultSqlSession.java:184)
	at java.base/jdk.internal.reflect.DirectMethodHandleAccessor.invoke(DirectMethodHandleAccessor.java:104)
	at java.base/java.lang.reflect.Method.invoke(Method.java:578)
	at org.mybatis.spring.SqlSessionTemplate$SqlSessionInterceptor.invoke(SqlSessionTemplate.java:427)
	at jdk.proxy2/jdk.proxy2.$Proxy99.insert(Unknown Source)
	at org.mybatis.spring.SqlSessionTemplate.insert(SqlSessionTemplate.java:272)
	at com.baomidou.mybatisplus.core.override.MybatisMapperMethod.execute(MybatisMapperMethod.java:59)
	at com.baomidou.mybatisplus.core.override.MybatisMapperProxy$PlainMethodInvoker.invoke(MybatisMapperProxy.java:148)
	at com.baomidou.mybatisplus.core.override.MybatisMapperProxy.invoke(MybatisMapperProxy.java:89)
	at jdk.proxy3/jdk.proxy3.$Proxy119.insert(Unknown Source)
	at java.base/jdk.internal.reflect.DirectMethodHandleAccessor.invoke(DirectMethodHandleAccessor.java:104)
	at java.base/java.lang.reflect.Method.invoke(Method.java:578)
	at org.springframework.aop.support.AopUtils.invokeJoinpointUsingReflection(AopUtils.java:344)
	at org.springframework.aop.framework.ReflectiveMethodInvocation.invokeJoinpoint(ReflectiveMethodInvocation.java:198)
	at org.springframework.aop.framework.ReflectiveMethodInvocation.proceed(ReflectiveMethodInvocation.java:163)
	at org.springframework.dao.support.PersistenceExceptionTranslationInterceptor.invoke(PersistenceExceptionTranslationInterceptor.java:137)
	at org.springframework.aop.framework.ReflectiveMethodInvocation.proceed(ReflectiveMethodInvocation.java:186)
	at org.springframework.aop.framework.JdkDynamicAopProxy.invoke(JdkDynamicAopProxy.java:215)
	at jdk.proxy3/jdk.proxy3.$Proxy120.insert(Unknown Source)
	at com.example.contentservice.service.impl.SongListConsumerImpl.addSongListConsumer(SongListConsumerImpl.java:291)
	at com.example.contentservice.service.impl.SongListConsumerImpl$$FastClassBySpringCGLIB$$9a225ddd.invoke(<generated>)
	at org.springframework.cglib.proxy.MethodProxy.invoke(MethodProxy.java:218)
	at org.springframework.aop.framework.CglibAopProxy$DynamicAdvisedInterceptor.intercept(CglibAopProxy.java:689)
	at com.example.contentservice.service.impl.SongListConsumerImpl$$EnhancerBySpringCGLIB$$1dab1a9e.addSongListConsumer(<generated>)
	at com.example.contentservice.controller.SongListConsumerController.addSongListConsumer(SongListConsumerController.java:17)
	at java.base/jdk.internal.reflect.DirectMethodHandleAccessor.invoke(DirectMethodHandleAccessor.java:104)
	at java.base/java.lang.reflect.Method.invoke(Method.java:578)
	at org.springframework.web.method.support.InvocableHandlerMethod.doInvoke(InvocableHandlerMethod.java:205)
	at org.springframework.web.method.support.InvocableHandlerMethod.invokeForRequest(InvocableHandlerMethod.java:150)
	at org.springframework.web.servlet.mvc.method.annotation.ServletInvocableHandlerMethod.invokeAndHandle(ServletInvocableHandlerMethod.java:117)
	at org.springframework.web.servlet.mvc.method.annotation.RequestMappingHandlerAdapter.invokeHandlerMethod(RequestMappingHandlerAdapter.java:895)
	at org.springframework.web.servlet.mvc.method.annotation.RequestMappingHandlerAdapter.handleInternal(RequestMappingHandlerAdapter.java:808)
	at org.springframework.web.servlet.mvc.method.AbstractHandlerMethodAdapter.handle(AbstractHandlerMethodAdapter.java:87)
	at org.springframework.web.servlet.DispatcherServlet.doDispatch(DispatcherServlet.java:1067)
	at org.springframework.web.servlet.DispatcherServlet.doService(DispatcherServlet.java:963)
	at org.springframework.web.servlet.FrameworkServlet.processRequest(FrameworkServlet.java:1006)
	at org.springframework.web.servlet.FrameworkServlet.doPost(FrameworkServlet.java:909)
	at javax.servlet.http.HttpServlet.service(HttpServlet.java:681)
	at org.springframework.web.servlet.FrameworkServlet.service(FrameworkServlet.java:883)
	at javax.servlet.http.HttpServlet.service(HttpServlet.java:764)
	at org.apache.catalina.core.ApplicationFilterChain.internalDoFilter(ApplicationFilterChain.java:227)
	at org.apache.catalina.core.ApplicationFilterChain.doFilter(ApplicationFilterChain.java:162)
	at org.apache.tomcat.websocket.server.WsFilter.doFilter(WsFilter.java:53)
	at org.apache.catalina.core.ApplicationFilterChain.internalDoFilter(ApplicationFilterChain.java:189)
	at org.apache.catalina.core.ApplicationFilterChain.doFilter(ApplicationFilterChain.java:162)
	at org.springframework.web.filter.RequestContextFilter.doFilterInternal(RequestContextFilter.java:100)
	at org.springframework.web.filter.OncePerRequestFilter.doFilter(OncePerRequestFilter.java:117)
	at org.apache.catalina.core.ApplicationFilterChain.internalDoFilter(ApplicationFilterChain.java:189)
	at org.apache.catalina.core.ApplicationFilterChain.doFilter(ApplicationFilterChain.java:162)
	at org.springframework.web.filter.FormContentFilter.doFilterInternal(FormContentFilter.java:93)
	at org.springframework.web.filter.OncePerRequestFilter.doFilter(OncePerRequestFilter.java:117)
	at org.apache.catalina.core.ApplicationFilterChain.internalDoFilter(ApplicationFilterChain.java:189)
	at org.apache.catalina.core.ApplicationFilterChain.doFilter(ApplicationFilterChain.java:162)
	at org.springframework.web.filter.CharacterEncodingFilter.doFilterInternal(CharacterEncodingFilter.java:201)
	at org.springframework.web.filter.OncePerRequestFilter.doFilter(OncePerRequestFilter.java:117)
	at org.apache.catalina.core.ApplicationFilterChain.internalDoFilter(ApplicationFilterChain.java:189)
	at org.apache.catalina.core.ApplicationFilterChain.doFilter(ApplicationFilterChain.java:162)
	at org.apache.catalina.core.StandardWrapperValve.invoke(StandardWrapperValve.java:197)
	at org.apache.catalina.core.StandardContextValve.invoke(StandardContextValve.java:97)
	at org.apache.catalina.authenticator.AuthenticatorBase.invoke(AuthenticatorBase.java:540)
	at org.apache.catalina.core.StandardHostValve.invoke(StandardHostValve.java:135)
	at org.apache.catalina.valves.ErrorReportValve.invoke(ErrorReportValve.java:92)
	at org.apache.catalina.core.StandardEngineValve.invoke(StandardEngineValve.java:78)
	at org.apache.catalina.connector.CoyoteAdapter.service(CoyoteAdapter.java:357)
	at org.apache.coyote.http11.Http11Processor.service(Http11Processor.java:382)
	at org.apache.coyote.AbstractProcessorLight.process(AbstractProcessorLight.java:65)
	at org.apache.coyote.AbstractProtocol$ConnectionHandler.process(AbstractProtocol.java:895)
	at org.apache.tomcat.util.net.NioEndpoint$SocketProcessor.doRun(NioEndpoint.java:1732)
	at org.apache.tomcat.util.net.SocketProcessorBase.run(SocketProcessorBase.java:49)
	at org.apache.tomcat.util.threads.ThreadPoolExecutor.runWorker(ThreadPoolExecutor.java:1191)
	at org.apache.tomcat.util.threads.ThreadPoolExecutor$Worker.run(ThreadPoolExecutor.java:659)
	at org.apache.tomcat.util.threads.TaskThread$WrappingRunnable.run(TaskThread.java:61)
	at java.base/java.lang.Thread.run(Thread.java:1623)
2024-08-24 21:15:44 INFO [com.netflix.discovery.shared.resolver.aws.ConfigClusterResolver]: Resolving eureka endpoints via configuration
2024-08-24 21:16:05 INFO [com.example.contentservice.ContentServiceApplication]: Starting ContentServiceApplication using Java 20.0.2 on GJS-20230828PFY with PID 20104 (D:\上课资料\软工大作业\final-music\music-web-master\content-service\target\classes started by Windows11 in D:\上课资料\软工大作业\final-music\music-web-master\content-service)
2024-08-24 21:16:05 INFO [com.example.contentservice.ContentServiceApplication]: The following profiles are active: dev
2024-08-24 21:16:05 INFO [org.springframework.boot.devtools.env.DevToolsPropertyDefaultsPostProcessor]: Devtools property defaults active! Set 'spring.devtools.add-properties' to 'false' to disable
2024-08-24 21:16:05 INFO [org.springframework.boot.devtools.env.DevToolsPropertyDefaultsPostProcessor]: For additional web related logging consider setting the 'logging.level.web' property to 'DEBUG'
2024-08-24 21:16:06 INFO [org.springframework.data.repository.config.RepositoryConfigurationDelegate]: Multiple Spring Data modules found, entering strict repository configuration mode!
2024-08-24 21:16:06 INFO [org.springframework.data.repository.config.RepositoryConfigurationDelegate]: Bootstrapping Spring Data Redis repositories in DEFAULT mode.
2024-08-24 21:16:06 INFO [org.springframework.data.repository.config.RepositoryConfigurationDelegate]: Finished Spring Data repository scanning in 6 ms. Found 0 Redis repository interfaces.
2024-08-24 21:16:06 INFO [org.springframework.cloud.context.scope.GenericScope]: BeanFactory id=e069d1ca-fb6a-352b-8100-bc03234fbb55
2024-08-24 21:16:07 INFO [org.springframework.cloud.openfeign.FeignClientFactoryBean]: For 'social-service' URL not provided. Will try picking an instance via load-balancing.
2024-08-24 21:16:07 INFO [org.springframework.cloud.openfeign.FeignClientFactoryBean]: For 'consumer-service' URL not provided. Will try picking an instance via load-balancing.
2024-08-24 21:16:07 INFO [org.springframework.boot.web.embedded.tomcat.TomcatWebServer]: Tomcat initialized with port(s): 8082 (http)
2024-08-24 21:16:07 INFO [org.springframework.boot.web.servlet.context.ServletWebServerApplicationContext]: Root WebApplicationContext: initialization completed in 1583 ms
2024-08-24 21:16:07 WARN [org.springframework.boot.devtools.autoconfigure.OptionalLiveReloadServer]: Unable to start LiveReload server
2024-08-24 21:16:08 INFO [org.springframework.cloud.netflix.eureka.config.DiscoveryClientOptionalArgsConfiguration]: Eureka HTTP Client uses RestTemplate.
2024-08-24 21:16:08 WARN [org.springframework.cloud.loadbalancer.config.LoadBalancerCacheAutoConfiguration$LoadBalancerCaffeineWarnLogger]: Spring Cloud LoadBalancer is currently working with the default cache. While this cache implementation is useful for development and tests, it's recommended to use Caffeine cache in production.You can switch to using Caffeine cache, by adding it and org.springframework.cache.caffeine.CaffeineCacheManager to the classpath.
2024-08-24 21:16:08 INFO [org.springframework.cloud.netflix.eureka.InstanceInfoFactory]: Setting initial instance status as: STARTING
2024-08-24 21:16:08 INFO [com.netflix.discovery.DiscoveryClient]: Initializing Eureka in region us-east-1
2024-08-24 21:16:08 INFO [com.netflix.discovery.shared.resolver.aws.ConfigClusterResolver]: Resolving eureka endpoints via configuration
2024-08-24 21:16:08 INFO [com.netflix.discovery.DiscoveryClient]: Disable delta property : false
2024-08-24 21:16:08 INFO [com.netflix.discovery.DiscoveryClient]: Single vip registry refresh property : null
2024-08-24 21:16:08 INFO [com.netflix.discovery.DiscoveryClient]: Force full registry fetch : false
2024-08-24 21:16:08 INFO [com.netflix.discovery.DiscoveryClient]: Application is null : false
2024-08-24 21:16:08 INFO [com.netflix.discovery.DiscoveryClient]: Registered Applications size is zero : true
2024-08-24 21:16:08 INFO [com.netflix.discovery.DiscoveryClient]: Application version is -1: true
2024-08-24 21:16:08 INFO [com.netflix.discovery.DiscoveryClient]: Getting all instance registry info from the eureka server
2024-08-24 21:16:08 INFO [com.netflix.discovery.DiscoveryClient]: The response status is 200
2024-08-24 21:16:08 INFO [com.netflix.discovery.DiscoveryClient]: Starting heartbeat executor: renew interval is: 30
2024-08-24 21:16:08 INFO [com.netflix.discovery.InstanceInfoReplicator]: InstanceInfoReplicator onDemand update allowed rate per min is 4
2024-08-24 21:16:08 INFO [com.netflix.discovery.DiscoveryClient]: Discovery Client initialized at timestamp 1724505368521 with initial instances count: 4
2024-08-24 21:16:08 INFO [org.springframework.cloud.netflix.eureka.serviceregistry.EurekaServiceRegistry]: Registering application CONTENT-SERVICE with eureka with status UP
2024-08-24 21:16:08 INFO [com.netflix.discovery.DiscoveryClient]: Saw local status change event StatusChangeEvent [timestamp=1724505368523, current=UP, previous=STARTING]
2024-08-24 21:16:08 INFO [com.netflix.discovery.DiscoveryClient]: DiscoveryClient_CONTENT-SERVICE/GJS-20230828PFY:content-service:8082: registering service...
2024-08-24 21:16:08 INFO [org.springframework.boot.web.embedded.tomcat.TomcatWebServer]: Tomcat started on port(s): 8082 (http) with context path ''
2024-08-24 21:16:08 INFO [org.springframework.cloud.netflix.eureka.serviceregistry.EurekaAutoServiceRegistration]: Updating port to 8082
2024-08-24 21:16:08 INFO [com.netflix.discovery.DiscoveryClient]: DiscoveryClient_CONTENT-SERVICE/GJS-20230828PFY:content-service:8082 - registration status: 204
2024-08-24 21:16:08 INFO [com.example.contentservice.ContentServiceApplication]: Started ContentServiceApplication in 3.363 seconds (JVM running for 3.646)
2024-08-24 21:19:09 INFO [org.springframework.web.servlet.DispatcherServlet]: Initializing Servlet 'dispatcherServlet'
2024-08-24 21:19:09 INFO [org.springframework.web.servlet.DispatcherServlet]: Completed initialization in 1 ms
2024-08-24 21:19:12 INFO [com.zaxxer.hikari.HikariDataSource]: HikariPool-1 - Starting...
2024-08-24 21:19:12 INFO [com.zaxxer.hikari.HikariDataSource]: HikariPool-1 - Start completed.
2024-08-24 21:21:08 INFO [com.netflix.discovery.shared.resolver.aws.ConfigClusterResolver]: Resolving eureka endpoints via configuration
2024-08-24 21:26:08 INFO [com.netflix.discovery.shared.resolver.aws.ConfigClusterResolver]: Resolving eureka endpoints via configuration
2024-08-24 21:31:08 INFO [com.netflix.discovery.shared.resolver.aws.ConfigClusterResolver]: Resolving eureka endpoints via configuration
2024-08-24 21:36:08 INFO [com.netflix.discovery.shared.resolver.aws.ConfigClusterResolver]: Resolving eureka endpoints via configuration
2024-08-24 21:41:08 INFO [com.netflix.discovery.shared.resolver.aws.ConfigClusterResolver]: Resolving eureka endpoints via configuration
2024-08-24 21:46:08 INFO [com.netflix.discovery.shared.resolver.aws.ConfigClusterResolver]: Resolving eureka endpoints via configuration
2024-08-24 21:51:08 INFO [com.netflix.discovery.shared.resolver.aws.ConfigClusterResolver]: Resolving eureka endpoints via configuration
2024-08-24 21:56:08 INFO [com.netflix.discovery.shared.resolver.aws.ConfigClusterResolver]: Resolving eureka endpoints via configuration
2024-08-24 22:01:08 INFO [com.netflix.discovery.shared.resolver.aws.ConfigClusterResolver]: Resolving eureka endpoints via configuration
2024-08-24 22:06:08 INFO [com.netflix.discovery.shared.resolver.aws.ConfigClusterResolver]: Resolving eureka endpoints via configuration
2024-08-24 22:11:08 INFO [com.netflix.discovery.shared.resolver.aws.ConfigClusterResolver]: Resolving eureka endpoints via configuration
2024-08-24 22:16:08 INFO [com.netflix.discovery.shared.resolver.aws.ConfigClusterResolver]: Resolving eureka endpoints via configuration
2024-08-24 22:21:08 INFO [com.netflix.discovery.shared.resolver.aws.ConfigClusterResolver]: Resolving eureka endpoints via configuration
2024-08-24 22:26:08 INFO [com.netflix.discovery.shared.resolver.aws.ConfigClusterResolver]: Resolving eureka endpoints via configuration
2024-08-24 22:31:08 INFO [com.netflix.discovery.shared.resolver.aws.ConfigClusterResolver]: Resolving eureka endpoints via configuration
2024-08-24 22:36:08 INFO [com.netflix.discovery.shared.resolver.aws.ConfigClusterResolver]: Resolving eureka endpoints via configuration
2024-08-24 22:41:08 INFO [com.netflix.discovery.shared.resolver.aws.ConfigClusterResolver]: Resolving eureka endpoints via configuration
2024-08-24 22:46:08 INFO [com.netflix.discovery.shared.resolver.aws.ConfigClusterResolver]: Resolving eureka endpoints via configuration
2024-08-24 22:51:08 INFO [com.netflix.discovery.shared.resolver.aws.ConfigClusterResolver]: Resolving eureka endpoints via configuration
2024-08-24 22:56:08 INFO [com.netflix.discovery.shared.resolver.aws.ConfigClusterResolver]: Resolving eureka endpoints via configuration
2024-08-24 23:01:08 INFO [com.netflix.discovery.shared.resolver.aws.ConfigClusterResolver]: Resolving eureka endpoints via configuration
2024-08-24 23:06:08 INFO [com.netflix.discovery.shared.resolver.aws.ConfigClusterResolver]: Resolving eureka endpoints via configuration
2024-08-24 23:11:08 INFO [com.netflix.discovery.shared.resolver.aws.ConfigClusterResolver]: Resolving eureka endpoints via configuration
2024-08-24 23:16:08 INFO [com.netflix.discovery.shared.resolver.aws.ConfigClusterResolver]: Resolving eureka endpoints via configuration
2024-08-24 23:21:08 INFO [com.netflix.discovery.shared.resolver.aws.ConfigClusterResolver]: Resolving eureka endpoints via configuration
2024-08-24 23:26:08 INFO [com.netflix.discovery.shared.resolver.aws.ConfigClusterResolver]: Resolving eureka endpoints via configuration
2024-08-24 23:31:08 INFO [com.netflix.discovery.shared.resolver.aws.ConfigClusterResolver]: Resolving eureka endpoints via configuration
2024-08-24 23:36:08 INFO [com.netflix.discovery.shared.resolver.aws.ConfigClusterResolver]: Resolving eureka endpoints via configuration
2024-08-24 23:41:08 INFO [com.netflix.discovery.shared.resolver.aws.ConfigClusterResolver]: Resolving eureka endpoints via configuration
2024-08-24 23:46:08 INFO [com.netflix.discovery.shared.resolver.aws.ConfigClusterResolver]: Resolving eureka endpoints via configuration
2024-08-24 23:51:08 INFO [com.netflix.discovery.shared.resolver.aws.ConfigClusterResolver]: Resolving eureka endpoints via configuration
2024-08-24 23:56:08 INFO [com.netflix.discovery.shared.resolver.aws.ConfigClusterResolver]: Resolving eureka endpoints via configuration
