2024-08-24 08:55:13 WARN [com.zaxxer.hikari.pool.HikariPool]: HikariPool-1 - Thread starvation or clock leap detected (housekeeper delta=8h58m55s71ms531µs300ns).
2024-08-24 08:55:18 INFO [com.netflix.discovery.shared.resolver.aws.ConfigClusterResolver]: Resolving eureka endpoints via configuration
2024-08-24 08:57:07 INFO [org.springframework.cloud.commons.util.InetUtils]: Cannot determine local hostname
2024-08-24 08:57:07 INFO [com.example.consumerservice.ConsumerServiceApplication]: Starting ConsumerServiceApplication using Java 20.0.2 on GJS-20230828PFY with PID 47992 (D:\上课资料\软工大作业\final-music\music-web-master\consumer-service\target\classes started by Windows11 in D:\上课资料\软工大作业\final-music\music-web-master\consumer-service)
2024-08-24 08:57:07 INFO [com.example.consumerservice.ConsumerServiceApplication]: The following profiles are active: dev
2024-08-24 08:57:07 INFO [org.springframework.boot.devtools.env.DevToolsPropertyDefaultsPostProcessor]: Devtools property defaults active! Set 'spring.devtools.add-properties' to 'false' to disable
2024-08-24 08:57:07 INFO [org.springframework.boot.devtools.env.DevToolsPropertyDefaultsPostProcessor]: For additional web related logging consider setting the 'logging.level.web' property to 'DEBUG'
2024-08-24 08:57:08 INFO [org.springframework.data.repository.config.RepositoryConfigurationDelegate]: Multiple Spring Data modules found, entering strict repository configuration mode!
2024-08-24 08:57:08 INFO [org.springframework.data.repository.config.RepositoryConfigurationDelegate]: Bootstrapping Spring Data Redis repositories in DEFAULT mode.
2024-08-24 08:57:08 INFO [org.springframework.data.repository.config.RepositoryConfigurationDelegate]: Finished Spring Data repository scanning in 6 ms. Found 0 Redis repository interfaces.
2024-08-24 08:57:08 INFO [org.springframework.cloud.context.scope.GenericScope]: BeanFactory id=850e74c0-8308-31c8-8a5f-8379525076ba
2024-08-24 08:57:08 INFO [org.springframework.boot.web.embedded.tomcat.TomcatWebServer]: Tomcat initialized with port(s): 8081 (http)
2024-08-24 08:57:08 INFO [org.springframework.boot.web.servlet.context.ServletWebServerApplicationContext]: Root WebApplicationContext: initialization completed in 1051 ms
2024-08-24 08:57:09 INFO [org.springframework.boot.devtools.autoconfigure.OptionalLiveReloadServer]: LiveReload server is running on port 35729
2024-08-24 08:57:10 INFO [org.springframework.cloud.commons.util.InetUtils]: Cannot determine local hostname
2024-08-24 08:57:11 INFO [org.springframework.cloud.netflix.eureka.config.DiscoveryClientOptionalArgsConfiguration]: Eureka HTTP Client uses RestTemplate.
2024-08-24 08:57:12 INFO [org.springframework.cloud.commons.util.InetUtils]: Cannot determine local hostname
2024-08-24 08:57:12 WARN [org.springframework.cloud.loadbalancer.config.LoadBalancerCacheAutoConfiguration$LoadBalancerCaffeineWarnLogger]: Spring Cloud LoadBalancer is currently working with the default cache. While this cache implementation is useful for development and tests, it's recommended to use Caffeine cache in production.You can switch to using Caffeine cache, by adding it and org.springframework.cache.caffeine.CaffeineCacheManager to the classpath.
2024-08-24 08:57:12 INFO [org.springframework.cloud.netflix.eureka.InstanceInfoFactory]: Setting initial instance status as: STARTING
2024-08-24 08:57:12 INFO [com.netflix.discovery.DiscoveryClient]: Initializing Eureka in region us-east-1
2024-08-24 08:57:12 INFO [com.netflix.discovery.shared.resolver.aws.ConfigClusterResolver]: Resolving eureka endpoints via configuration
2024-08-24 08:57:12 INFO [com.netflix.discovery.DiscoveryClient]: Disable delta property : false
2024-08-24 08:57:12 INFO [com.netflix.discovery.DiscoveryClient]: Single vip registry refresh property : null
2024-08-24 08:57:12 INFO [com.netflix.discovery.DiscoveryClient]: Force full registry fetch : false
2024-08-24 08:57:12 INFO [com.netflix.discovery.DiscoveryClient]: Application is null : false
2024-08-24 08:57:12 INFO [com.netflix.discovery.DiscoveryClient]: Registered Applications size is zero : true
2024-08-24 08:57:12 INFO [com.netflix.discovery.DiscoveryClient]: Application version is -1: true
2024-08-24 08:57:12 INFO [com.netflix.discovery.DiscoveryClient]: Getting all instance registry info from the eureka server
2024-08-24 08:57:12 INFO [com.netflix.discovery.DiscoveryClient]: The response status is 200
2024-08-24 08:57:12 INFO [com.netflix.discovery.DiscoveryClient]: Starting heartbeat executor: renew interval is: 30
2024-08-24 08:57:12 INFO [com.netflix.discovery.InstanceInfoReplicator]: InstanceInfoReplicator onDemand update allowed rate per min is 4
2024-08-24 08:57:12 INFO [com.netflix.discovery.DiscoveryClient]: Discovery Client initialized at timestamp 1724461032426 with initial instances count: 4
2024-08-24 08:57:12 INFO [org.springframework.cloud.netflix.eureka.serviceregistry.EurekaServiceRegistry]: Registering application CONSUMER-SERVICE with eureka with status UP
2024-08-24 08:57:12 INFO [com.netflix.discovery.DiscoveryClient]: Saw local status change event StatusChangeEvent [timestamp=1724461032428, current=UP, previous=STARTING]
2024-08-24 08:57:12 INFO [com.netflix.discovery.DiscoveryClient]: DiscoveryClient_CONSUMER-SERVICE/localhost:consumer-service:8081: registering service...
2024-08-24 08:57:12 INFO [org.springframework.boot.web.embedded.tomcat.TomcatWebServer]: Tomcat started on port(s): 8081 (http) with context path ''
2024-08-24 08:57:12 INFO [org.springframework.cloud.netflix.eureka.serviceregistry.EurekaAutoServiceRegistration]: Updating port to 8081
2024-08-24 08:57:12 INFO [com.netflix.discovery.DiscoveryClient]: DiscoveryClient_CONSUMER-SERVICE/localhost:consumer-service:8081 - registration status: 204
2024-08-24 08:57:13 INFO [org.springframework.cloud.commons.util.InetUtils]: Cannot determine local hostname
2024-08-24 08:57:13 INFO [com.example.consumerservice.ConsumerServiceApplication]: Started ConsumerServiceApplication in 7.268 seconds (JVM running for 7.551)
2024-08-24 08:57:15 INFO [org.springframework.web.servlet.DispatcherServlet]: Initializing Servlet 'dispatcherServlet'
2024-08-24 08:57:15 INFO [org.springframework.web.servlet.DispatcherServlet]: Completed initialization in 1 ms
2024-08-24 08:57:44 INFO [com.zaxxer.hikari.HikariDataSource]: HikariPool-1 - Starting...
2024-08-24 08:57:44 INFO [com.zaxxer.hikari.HikariDataSource]: HikariPool-1 - Start completed.
2024-08-24 09:02:12 INFO [com.netflix.discovery.shared.resolver.aws.ConfigClusterResolver]: Resolving eureka endpoints via configuration
2024-08-24 09:07:12 INFO [com.netflix.discovery.shared.resolver.aws.ConfigClusterResolver]: Resolving eureka endpoints via configuration
2024-08-24 09:12:12 INFO [com.netflix.discovery.shared.resolver.aws.ConfigClusterResolver]: Resolving eureka endpoints via configuration
2024-08-24 09:17:12 INFO [com.netflix.discovery.shared.resolver.aws.ConfigClusterResolver]: Resolving eureka endpoints via configuration
2024-08-24 09:22:12 INFO [com.netflix.discovery.shared.resolver.aws.ConfigClusterResolver]: Resolving eureka endpoints via configuration
2024-08-24 09:27:12 INFO [com.netflix.discovery.shared.resolver.aws.ConfigClusterResolver]: Resolving eureka endpoints via configuration
2024-08-24 09:32:12 INFO [com.netflix.discovery.shared.resolver.aws.ConfigClusterResolver]: Resolving eureka endpoints via configuration
2024-08-24 09:37:12 INFO [com.netflix.discovery.shared.resolver.aws.ConfigClusterResolver]: Resolving eureka endpoints via configuration
2024-08-24 09:42:12 INFO [com.netflix.discovery.shared.resolver.aws.ConfigClusterResolver]: Resolving eureka endpoints via configuration
2024-08-24 09:47:12 INFO [com.netflix.discovery.shared.resolver.aws.ConfigClusterResolver]: Resolving eureka endpoints via configuration
2024-08-24 09:52:12 INFO [com.netflix.discovery.shared.resolver.aws.ConfigClusterResolver]: Resolving eureka endpoints via configuration
2024-08-24 09:57:12 INFO [com.netflix.discovery.shared.resolver.aws.ConfigClusterResolver]: Resolving eureka endpoints via configuration
2024-08-24 10:02:12 INFO [com.netflix.discovery.shared.resolver.aws.ConfigClusterResolver]: Resolving eureka endpoints via configuration
2024-08-24 10:07:12 INFO [com.netflix.discovery.shared.resolver.aws.ConfigClusterResolver]: Resolving eureka endpoints via configuration
2024-08-24 10:12:12 INFO [com.netflix.discovery.shared.resolver.aws.ConfigClusterResolver]: Resolving eureka endpoints via configuration
2024-08-24 10:17:12 INFO [com.netflix.discovery.shared.resolver.aws.ConfigClusterResolver]: Resolving eureka endpoints via configuration
2024-08-24 10:22:12 INFO [com.netflix.discovery.shared.resolver.aws.ConfigClusterResolver]: Resolving eureka endpoints via configuration
2024-08-24 10:27:12 INFO [com.netflix.discovery.shared.resolver.aws.ConfigClusterResolver]: Resolving eureka endpoints via configuration
2024-08-24 10:32:12 INFO [com.netflix.discovery.shared.resolver.aws.ConfigClusterResolver]: Resolving eureka endpoints via configuration
2024-08-24 10:37:12 INFO [com.netflix.discovery.shared.resolver.aws.ConfigClusterResolver]: Resolving eureka endpoints via configuration
2024-08-24 10:42:12 INFO [com.netflix.discovery.shared.resolver.aws.ConfigClusterResolver]: Resolving eureka endpoints via configuration
2024-08-24 10:47:12 INFO [com.netflix.discovery.shared.resolver.aws.ConfigClusterResolver]: Resolving eureka endpoints via configuration
2024-08-24 10:52:12 INFO [com.netflix.discovery.shared.resolver.aws.ConfigClusterResolver]: Resolving eureka endpoints via configuration
2024-08-24 10:57:12 INFO [com.netflix.discovery.shared.resolver.aws.ConfigClusterResolver]: Resolving eureka endpoints via configuration
2024-08-24 11:02:12 INFO [com.netflix.discovery.shared.resolver.aws.ConfigClusterResolver]: Resolving eureka endpoints via configuration
2024-08-24 11:07:12 INFO [com.netflix.discovery.shared.resolver.aws.ConfigClusterResolver]: Resolving eureka endpoints via configuration
2024-08-24 11:12:12 INFO [com.netflix.discovery.shared.resolver.aws.ConfigClusterResolver]: Resolving eureka endpoints via configuration
2024-08-24 11:17:12 INFO [com.netflix.discovery.shared.resolver.aws.ConfigClusterResolver]: Resolving eureka endpoints via configuration
2024-08-24 11:22:12 INFO [com.netflix.discovery.shared.resolver.aws.ConfigClusterResolver]: Resolving eureka endpoints via configuration
2024-08-24 11:27:12 INFO [com.netflix.discovery.shared.resolver.aws.ConfigClusterResolver]: Resolving eureka endpoints via configuration
2024-08-24 11:32:12 INFO [com.netflix.discovery.shared.resolver.aws.ConfigClusterResolver]: Resolving eureka endpoints via configuration
2024-08-24 11:37:12 INFO [com.netflix.discovery.shared.resolver.aws.ConfigClusterResolver]: Resolving eureka endpoints via configuration
2024-08-24 11:42:12 INFO [com.netflix.discovery.shared.resolver.aws.ConfigClusterResolver]: Resolving eureka endpoints via configuration
2024-08-24 11:47:12 INFO [com.netflix.discovery.shared.resolver.aws.ConfigClusterResolver]: Resolving eureka endpoints via configuration
2024-08-24 11:52:12 INFO [com.netflix.discovery.shared.resolver.aws.ConfigClusterResolver]: Resolving eureka endpoints via configuration
2024-08-24 11:57:12 INFO [com.netflix.discovery.shared.resolver.aws.ConfigClusterResolver]: Resolving eureka endpoints via configuration
2024-08-24 12:02:12 INFO [com.netflix.discovery.shared.resolver.aws.ConfigClusterResolver]: Resolving eureka endpoints via configuration
2024-08-24 12:07:12 INFO [com.netflix.discovery.shared.resolver.aws.ConfigClusterResolver]: Resolving eureka endpoints via configuration
2024-08-24 12:12:12 INFO [com.netflix.discovery.shared.resolver.aws.ConfigClusterResolver]: Resolving eureka endpoints via configuration
2024-08-24 12:17:12 INFO [com.netflix.discovery.shared.resolver.aws.ConfigClusterResolver]: Resolving eureka endpoints via configuration
2024-08-24 12:22:12 INFO [com.netflix.discovery.shared.resolver.aws.ConfigClusterResolver]: Resolving eureka endpoints via configuration
2024-08-24 12:27:12 INFO [com.netflix.discovery.shared.resolver.aws.ConfigClusterResolver]: Resolving eureka endpoints via configuration
2024-08-24 12:32:12 INFO [com.netflix.discovery.shared.resolver.aws.ConfigClusterResolver]: Resolving eureka endpoints via configuration
2024-08-24 12:37:12 INFO [com.netflix.discovery.shared.resolver.aws.ConfigClusterResolver]: Resolving eureka endpoints via configuration
2024-08-24 12:42:12 INFO [com.netflix.discovery.shared.resolver.aws.ConfigClusterResolver]: Resolving eureka endpoints via configuration
2024-08-24 12:47:12 INFO [com.netflix.discovery.shared.resolver.aws.ConfigClusterResolver]: Resolving eureka endpoints via configuration
2024-08-24 12:52:12 INFO [com.netflix.discovery.shared.resolver.aws.ConfigClusterResolver]: Resolving eureka endpoints via configuration
2024-08-24 12:57:12 INFO [com.netflix.discovery.shared.resolver.aws.ConfigClusterResolver]: Resolving eureka endpoints via configuration
2024-08-24 13:02:12 INFO [com.netflix.discovery.shared.resolver.aws.ConfigClusterResolver]: Resolving eureka endpoints via configuration
2024-08-24 13:07:12 INFO [com.netflix.discovery.shared.resolver.aws.ConfigClusterResolver]: Resolving eureka endpoints via configuration
2024-08-24 13:12:12 INFO [com.netflix.discovery.shared.resolver.aws.ConfigClusterResolver]: Resolving eureka endpoints via configuration
2024-08-24 13:17:12 INFO [com.netflix.discovery.shared.resolver.aws.ConfigClusterResolver]: Resolving eureka endpoints via configuration
2024-08-24 13:22:12 INFO [com.netflix.discovery.shared.resolver.aws.ConfigClusterResolver]: Resolving eureka endpoints via configuration
2024-08-24 13:27:12 INFO [com.netflix.discovery.shared.resolver.aws.ConfigClusterResolver]: Resolving eureka endpoints via configuration
2024-08-24 13:32:12 INFO [com.netflix.discovery.shared.resolver.aws.ConfigClusterResolver]: Resolving eureka endpoints via configuration
2024-08-24 13:37:12 INFO [com.netflix.discovery.shared.resolver.aws.ConfigClusterResolver]: Resolving eureka endpoints via configuration
2024-08-24 13:42:12 INFO [com.netflix.discovery.shared.resolver.aws.ConfigClusterResolver]: Resolving eureka endpoints via configuration
2024-08-24 13:47:12 INFO [com.netflix.discovery.shared.resolver.aws.ConfigClusterResolver]: Resolving eureka endpoints via configuration
2024-08-24 13:52:12 INFO [com.netflix.discovery.shared.resolver.aws.ConfigClusterResolver]: Resolving eureka endpoints via configuration
2024-08-24 13:57:12 INFO [com.netflix.discovery.shared.resolver.aws.ConfigClusterResolver]: Resolving eureka endpoints via configuration
2024-08-24 14:02:12 INFO [com.netflix.discovery.shared.resolver.aws.ConfigClusterResolver]: Resolving eureka endpoints via configuration
2024-08-24 15:15:21 INFO [org.springframework.cloud.commons.util.InetUtils]: Cannot determine local hostname
2024-08-24 15:15:21 INFO [com.example.consumerservice.ConsumerServiceApplication]: Starting ConsumerServiceApplication using Java 20.0.2 on GJS-20230828PFY with PID 40788 (D:\上课资料\软工大作业\final-music\music-web-master\consumer-service\target\classes started by Windows11 in D:\上课资料\软工大作业\final-music\music-web-master\consumer-service)
2024-08-24 15:15:21 INFO [com.example.consumerservice.ConsumerServiceApplication]: The following profiles are active: dev
2024-08-24 15:15:21 INFO [org.springframework.boot.devtools.env.DevToolsPropertyDefaultsPostProcessor]: Devtools property defaults active! Set 'spring.devtools.add-properties' to 'false' to disable
2024-08-24 15:15:21 INFO [org.springframework.boot.devtools.env.DevToolsPropertyDefaultsPostProcessor]: For additional web related logging consider setting the 'logging.level.web' property to 'DEBUG'
2024-08-24 15:15:21 INFO [org.springframework.data.repository.config.RepositoryConfigurationDelegate]: Multiple Spring Data modules found, entering strict repository configuration mode!
2024-08-24 15:15:21 INFO [org.springframework.data.repository.config.RepositoryConfigurationDelegate]: Bootstrapping Spring Data Redis repositories in DEFAULT mode.
2024-08-24 15:15:21 INFO [org.springframework.data.repository.config.RepositoryConfigurationDelegate]: Finished Spring Data repository scanning in 6 ms. Found 0 Redis repository interfaces.
2024-08-24 15:15:21 INFO [org.springframework.cloud.context.scope.GenericScope]: BeanFactory id=e463ff94-1780-3ccf-a22d-6a7070195ac7
2024-08-24 15:15:22 INFO [org.springframework.boot.web.embedded.tomcat.TomcatWebServer]: Tomcat initialized with port(s): 8081 (http)
2024-08-24 15:15:22 INFO [org.springframework.boot.web.servlet.context.ServletWebServerApplicationContext]: Root WebApplicationContext: initialization completed in 1083 ms
2024-08-24 15:15:22 INFO [org.springframework.boot.devtools.autoconfigure.OptionalLiveReloadServer]: LiveReload server is running on port 35729
2024-08-24 15:15:22 INFO [org.springframework.cloud.openfeign.FeignClientFactoryBean]: For 'content-service' URL not provided. Will try picking an instance via load-balancing.
2024-08-24 15:15:24 INFO [org.springframework.cloud.commons.util.InetUtils]: Cannot determine local hostname
2024-08-24 15:15:24 INFO [org.springframework.cloud.netflix.eureka.config.DiscoveryClientOptionalArgsConfiguration]: Eureka HTTP Client uses RestTemplate.
2024-08-24 15:15:25 INFO [org.springframework.cloud.commons.util.InetUtils]: Cannot determine local hostname
2024-08-24 15:15:25 WARN [org.springframework.cloud.loadbalancer.config.LoadBalancerCacheAutoConfiguration$LoadBalancerCaffeineWarnLogger]: Spring Cloud LoadBalancer is currently working with the default cache. While this cache implementation is useful for development and tests, it's recommended to use Caffeine cache in production.You can switch to using Caffeine cache, by adding it and org.springframework.cache.caffeine.CaffeineCacheManager to the classpath.
2024-08-24 15:15:25 INFO [org.springframework.cloud.netflix.eureka.InstanceInfoFactory]: Setting initial instance status as: STARTING
2024-08-24 15:15:25 INFO [com.netflix.discovery.DiscoveryClient]: Initializing Eureka in region us-east-1
2024-08-24 15:15:25 INFO [com.netflix.discovery.shared.resolver.aws.ConfigClusterResolver]: Resolving eureka endpoints via configuration
2024-08-24 15:15:25 INFO [com.netflix.discovery.DiscoveryClient]: Disable delta property : false
2024-08-24 15:15:25 INFO [com.netflix.discovery.DiscoveryClient]: Single vip registry refresh property : null
2024-08-24 15:15:25 INFO [com.netflix.discovery.DiscoveryClient]: Force full registry fetch : false
2024-08-24 15:15:25 INFO [com.netflix.discovery.DiscoveryClient]: Application is null : false
2024-08-24 15:15:25 INFO [com.netflix.discovery.DiscoveryClient]: Registered Applications size is zero : true
2024-08-24 15:15:25 INFO [com.netflix.discovery.DiscoveryClient]: Application version is -1: true
2024-08-24 15:15:25 INFO [com.netflix.discovery.DiscoveryClient]: Getting all instance registry info from the eureka server
2024-08-24 15:15:25 INFO [com.netflix.discovery.DiscoveryClient]: The response status is 200
2024-08-24 15:15:26 INFO [com.netflix.discovery.DiscoveryClient]: Starting heartbeat executor: renew interval is: 30
2024-08-24 15:15:26 INFO [com.netflix.discovery.InstanceInfoReplicator]: InstanceInfoReplicator onDemand update allowed rate per min is 4
2024-08-24 15:15:26 INFO [com.netflix.discovery.DiscoveryClient]: Discovery Client initialized at timestamp 1724483726005 with initial instances count: 1
2024-08-24 15:15:26 INFO [org.springframework.cloud.netflix.eureka.serviceregistry.EurekaServiceRegistry]: Registering application CONSUMER-SERVICE with eureka with status UP
2024-08-24 15:15:26 INFO [com.netflix.discovery.DiscoveryClient]: Saw local status change event StatusChangeEvent [timestamp=1724483726008, current=UP, previous=STARTING]
2024-08-24 15:15:26 INFO [com.netflix.discovery.DiscoveryClient]: DiscoveryClient_CONSUMER-SERVICE/localhost:consumer-service:8081: registering service...
2024-08-24 15:15:26 INFO [org.springframework.boot.web.embedded.tomcat.TomcatWebServer]: Tomcat started on port(s): 8081 (http) with context path ''
2024-08-24 15:15:26 INFO [org.springframework.cloud.netflix.eureka.serviceregistry.EurekaAutoServiceRegistration]: Updating port to 8081
2024-08-24 15:15:26 INFO [com.netflix.discovery.DiscoveryClient]: DiscoveryClient_CONSUMER-SERVICE/localhost:consumer-service:8081 - registration status: 204
2024-08-24 15:15:27 INFO [org.springframework.cloud.commons.util.InetUtils]: Cannot determine local hostname
2024-08-24 15:15:27 INFO [com.example.consumerservice.ConsumerServiceApplication]: Started ConsumerServiceApplication in 7.581 seconds (JVM running for 7.911)
2024-08-24 15:20:25 INFO [com.netflix.discovery.shared.resolver.aws.ConfigClusterResolver]: Resolving eureka endpoints via configuration
2024-08-24 15:25:25 INFO [com.netflix.discovery.shared.resolver.aws.ConfigClusterResolver]: Resolving eureka endpoints via configuration
2024-08-24 15:30:25 INFO [com.netflix.discovery.shared.resolver.aws.ConfigClusterResolver]: Resolving eureka endpoints via configuration
2024-08-24 15:35:25 INFO [com.netflix.discovery.shared.resolver.aws.ConfigClusterResolver]: Resolving eureka endpoints via configuration
2024-08-24 15:40:25 INFO [com.netflix.discovery.shared.resolver.aws.ConfigClusterResolver]: Resolving eureka endpoints via configuration
2024-08-24 15:40:56 INFO [org.springframework.web.servlet.DispatcherServlet]: Initializing Servlet 'dispatcherServlet'
2024-08-24 15:40:56 INFO [org.springframework.web.servlet.DispatcherServlet]: Completed initialization in 1 ms
2024-08-24 15:45:25 INFO [com.netflix.discovery.shared.resolver.aws.ConfigClusterResolver]: Resolving eureka endpoints via configuration
2024-08-24 15:50:25 INFO [com.netflix.discovery.shared.resolver.aws.ConfigClusterResolver]: Resolving eureka endpoints via configuration
2024-08-24 15:55:25 INFO [com.netflix.discovery.shared.resolver.aws.ConfigClusterResolver]: Resolving eureka endpoints via configuration
2024-08-24 16:00:25 INFO [com.netflix.discovery.shared.resolver.aws.ConfigClusterResolver]: Resolving eureka endpoints via configuration
2024-08-24 16:05:25 INFO [com.netflix.discovery.shared.resolver.aws.ConfigClusterResolver]: Resolving eureka endpoints via configuration
2024-08-24 16:10:25 INFO [com.netflix.discovery.shared.resolver.aws.ConfigClusterResolver]: Resolving eureka endpoints via configuration
2024-08-24 16:15:25 INFO [com.netflix.discovery.shared.resolver.aws.ConfigClusterResolver]: Resolving eureka endpoints via configuration
2024-08-24 16:20:25 INFO [com.netflix.discovery.shared.resolver.aws.ConfigClusterResolver]: Resolving eureka endpoints via configuration
2024-08-24 16:25:25 INFO [com.netflix.discovery.shared.resolver.aws.ConfigClusterResolver]: Resolving eureka endpoints via configuration
2024-08-24 16:28:31 INFO [com.zaxxer.hikari.HikariDataSource]: HikariPool-1 - Starting...
2024-08-24 16:28:31 INFO [com.zaxxer.hikari.HikariDataSource]: HikariPool-1 - Start completed.
2024-08-24 16:30:25 INFO [com.netflix.discovery.shared.resolver.aws.ConfigClusterResolver]: Resolving eureka endpoints via configuration
2024-08-24 16:35:25 INFO [com.netflix.discovery.shared.resolver.aws.ConfigClusterResolver]: Resolving eureka endpoints via configuration
2024-08-24 16:40:25 INFO [com.netflix.discovery.shared.resolver.aws.ConfigClusterResolver]: Resolving eureka endpoints via configuration
2024-08-24 16:45:26 INFO [com.netflix.discovery.shared.resolver.aws.ConfigClusterResolver]: Resolving eureka endpoints via configuration
2024-08-24 16:50:26 INFO [com.netflix.discovery.shared.resolver.aws.ConfigClusterResolver]: Resolving eureka endpoints via configuration
2024-08-24 16:55:26 INFO [com.netflix.discovery.shared.resolver.aws.ConfigClusterResolver]: Resolving eureka endpoints via configuration
2024-08-24 17:00:26 INFO [com.netflix.discovery.shared.resolver.aws.ConfigClusterResolver]: Resolving eureka endpoints via configuration
2024-08-24 17:05:26 INFO [com.netflix.discovery.shared.resolver.aws.ConfigClusterResolver]: Resolving eureka endpoints via configuration
2024-08-24 17:10:26 INFO [com.netflix.discovery.shared.resolver.aws.ConfigClusterResolver]: Resolving eureka endpoints via configuration
2024-08-24 17:15:26 INFO [com.netflix.discovery.shared.resolver.aws.ConfigClusterResolver]: Resolving eureka endpoints via configuration
2024-08-24 17:20:26 INFO [com.netflix.discovery.shared.resolver.aws.ConfigClusterResolver]: Resolving eureka endpoints via configuration
2024-08-24 17:25:26 INFO [com.netflix.discovery.shared.resolver.aws.ConfigClusterResolver]: Resolving eureka endpoints via configuration
2024-08-24 17:30:26 INFO [com.netflix.discovery.shared.resolver.aws.ConfigClusterResolver]: Resolving eureka endpoints via configuration
2024-08-24 17:35:26 INFO [com.netflix.discovery.shared.resolver.aws.ConfigClusterResolver]: Resolving eureka endpoints via configuration
2024-08-24 17:40:26 INFO [com.netflix.discovery.shared.resolver.aws.ConfigClusterResolver]: Resolving eureka endpoints via configuration
2024-08-24 17:45:26 INFO [com.netflix.discovery.shared.resolver.aws.ConfigClusterResolver]: Resolving eureka endpoints via configuration
2024-08-24 17:50:26 INFO [com.netflix.discovery.shared.resolver.aws.ConfigClusterResolver]: Resolving eureka endpoints via configuration
2024-08-24 17:55:26 INFO [com.netflix.discovery.shared.resolver.aws.ConfigClusterResolver]: Resolving eureka endpoints via configuration
2024-08-24 18:00:26 INFO [com.netflix.discovery.shared.resolver.aws.ConfigClusterResolver]: Resolving eureka endpoints via configuration
2024-08-24 18:05:26 INFO [com.netflix.discovery.shared.resolver.aws.ConfigClusterResolver]: Resolving eureka endpoints via configuration
2024-08-24 18:10:26 INFO [com.netflix.discovery.shared.resolver.aws.ConfigClusterResolver]: Resolving eureka endpoints via configuration
2024-08-24 18:15:26 INFO [com.netflix.discovery.shared.resolver.aws.ConfigClusterResolver]: Resolving eureka endpoints via configuration
2024-08-24 18:20:26 INFO [com.netflix.discovery.shared.resolver.aws.ConfigClusterResolver]: Resolving eureka endpoints via configuration
2024-08-24 18:25:26 INFO [com.netflix.discovery.shared.resolver.aws.ConfigClusterResolver]: Resolving eureka endpoints via configuration
2024-08-24 18:30:26 INFO [com.netflix.discovery.shared.resolver.aws.ConfigClusterResolver]: Resolving eureka endpoints via configuration
2024-08-24 18:35:26 INFO [com.netflix.discovery.shared.resolver.aws.ConfigClusterResolver]: Resolving eureka endpoints via configuration
2024-08-24 18:40:26 INFO [com.netflix.discovery.shared.resolver.aws.ConfigClusterResolver]: Resolving eureka endpoints via configuration
2024-08-24 18:45:26 INFO [com.netflix.discovery.shared.resolver.aws.ConfigClusterResolver]: Resolving eureka endpoints via configuration
2024-08-24 18:50:26 INFO [com.netflix.discovery.shared.resolver.aws.ConfigClusterResolver]: Resolving eureka endpoints via configuration
2024-08-24 18:55:26 INFO [com.netflix.discovery.shared.resolver.aws.ConfigClusterResolver]: Resolving eureka endpoints via configuration
2024-08-24 19:00:26 INFO [com.netflix.discovery.shared.resolver.aws.ConfigClusterResolver]: Resolving eureka endpoints via configuration
2024-08-24 19:05:26 INFO [com.netflix.discovery.shared.resolver.aws.ConfigClusterResolver]: Resolving eureka endpoints via configuration
2024-08-24 19:10:26 INFO [com.netflix.discovery.shared.resolver.aws.ConfigClusterResolver]: Resolving eureka endpoints via configuration
2024-08-24 19:15:26 INFO [com.netflix.discovery.shared.resolver.aws.ConfigClusterResolver]: Resolving eureka endpoints via configuration
2024-08-24 19:20:26 INFO [com.netflix.discovery.shared.resolver.aws.ConfigClusterResolver]: Resolving eureka endpoints via configuration
2024-08-24 19:25:26 INFO [com.netflix.discovery.shared.resolver.aws.ConfigClusterResolver]: Resolving eureka endpoints via configuration
2024-08-24 19:30:26 INFO [com.netflix.discovery.shared.resolver.aws.ConfigClusterResolver]: Resolving eureka endpoints via configuration
2024-08-24 19:35:26 INFO [com.netflix.discovery.shared.resolver.aws.ConfigClusterResolver]: Resolving eureka endpoints via configuration
2024-08-24 19:40:26 INFO [com.netflix.discovery.shared.resolver.aws.ConfigClusterResolver]: Resolving eureka endpoints via configuration
2024-08-24 19:45:26 INFO [com.netflix.discovery.shared.resolver.aws.ConfigClusterResolver]: Resolving eureka endpoints via configuration
2024-08-24 19:50:26 INFO [com.netflix.discovery.shared.resolver.aws.ConfigClusterResolver]: Resolving eureka endpoints via configuration
2024-08-24 19:55:26 INFO [com.netflix.discovery.shared.resolver.aws.ConfigClusterResolver]: Resolving eureka endpoints via configuration
2024-08-24 20:00:26 INFO [com.netflix.discovery.shared.resolver.aws.ConfigClusterResolver]: Resolving eureka endpoints via configuration
2024-08-24 20:05:26 INFO [com.netflix.discovery.shared.resolver.aws.ConfigClusterResolver]: Resolving eureka endpoints via configuration
2024-08-24 20:10:26 INFO [com.netflix.discovery.shared.resolver.aws.ConfigClusterResolver]: Resolving eureka endpoints via configuration
2024-08-24 20:15:26 INFO [com.netflix.discovery.shared.resolver.aws.ConfigClusterResolver]: Resolving eureka endpoints via configuration
2024-08-24 20:20:26 INFO [com.netflix.discovery.shared.resolver.aws.ConfigClusterResolver]: Resolving eureka endpoints via configuration
2024-08-24 20:25:26 INFO [com.netflix.discovery.shared.resolver.aws.ConfigClusterResolver]: Resolving eureka endpoints via configuration
2024-08-24 20:30:26 INFO [com.netflix.discovery.shared.resolver.aws.ConfigClusterResolver]: Resolving eureka endpoints via configuration
2024-08-24 20:35:26 INFO [com.netflix.discovery.shared.resolver.aws.ConfigClusterResolver]: Resolving eureka endpoints via configuration
2024-08-24 20:40:26 INFO [com.netflix.discovery.shared.resolver.aws.ConfigClusterResolver]: Resolving eureka endpoints via configuration
2024-08-24 20:45:26 INFO [com.netflix.discovery.shared.resolver.aws.ConfigClusterResolver]: Resolving eureka endpoints via configuration
2024-08-24 20:50:26 INFO [com.netflix.discovery.shared.resolver.aws.ConfigClusterResolver]: Resolving eureka endpoints via configuration
2024-08-24 20:55:26 INFO [com.netflix.discovery.shared.resolver.aws.ConfigClusterResolver]: Resolving eureka endpoints via configuration
2024-08-24 21:00:26 INFO [com.netflix.discovery.shared.resolver.aws.ConfigClusterResolver]: Resolving eureka endpoints via configuration
2024-08-24 21:05:26 INFO [com.netflix.discovery.shared.resolver.aws.ConfigClusterResolver]: Resolving eureka endpoints via configuration
2024-08-24 21:10:35 INFO [com.example.consumerservice.ConsumerServiceApplication]: Starting ConsumerServiceApplication using Java 20.0.2 on GJS-20230828PFY with PID 30876 (D:\上课资料\软工大作业\final-music\music-web-master\consumer-service\target\classes started by Windows11 in D:\上课资料\软工大作业\final-music\music-web-master\consumer-service)
2024-08-24 21:10:35 INFO [com.example.consumerservice.ConsumerServiceApplication]: The following profiles are active: dev
2024-08-24 21:10:35 INFO [org.springframework.boot.devtools.env.DevToolsPropertyDefaultsPostProcessor]: Devtools property defaults active! Set 'spring.devtools.add-properties' to 'false' to disable
2024-08-24 21:10:35 INFO [org.springframework.boot.devtools.env.DevToolsPropertyDefaultsPostProcessor]: For additional web related logging consider setting the 'logging.level.web' property to 'DEBUG'
2024-08-24 21:10:36 INFO [org.springframework.data.repository.config.RepositoryConfigurationDelegate]: Multiple Spring Data modules found, entering strict repository configuration mode!
2024-08-24 21:10:36 INFO [org.springframework.data.repository.config.RepositoryConfigurationDelegate]: Bootstrapping Spring Data Redis repositories in DEFAULT mode.
2024-08-24 21:10:36 INFO [org.springframework.data.repository.config.RepositoryConfigurationDelegate]: Finished Spring Data repository scanning in 6 ms. Found 0 Redis repository interfaces.
2024-08-24 21:10:36 INFO [org.springframework.cloud.context.scope.GenericScope]: BeanFactory id=e463ff94-1780-3ccf-a22d-6a7070195ac7
2024-08-24 21:10:37 INFO [org.springframework.boot.web.embedded.tomcat.TomcatWebServer]: Tomcat initialized with port(s): 8081 (http)
2024-08-24 21:10:37 INFO [org.springframework.boot.web.servlet.context.ServletWebServerApplicationContext]: Root WebApplicationContext: initialization completed in 1201 ms
2024-08-24 21:10:37 INFO [org.springframework.boot.devtools.autoconfigure.OptionalLiveReloadServer]: LiveReload server is running on port 35729
2024-08-24 21:10:37 INFO [org.springframework.cloud.openfeign.FeignClientFactoryBean]: For 'content-service' URL not provided. Will try picking an instance via load-balancing.
2024-08-24 21:10:38 INFO [org.springframework.cloud.netflix.eureka.config.DiscoveryClientOptionalArgsConfiguration]: Eureka HTTP Client uses RestTemplate.
2024-08-24 21:10:38 WARN [org.springframework.cloud.loadbalancer.config.LoadBalancerCacheAutoConfiguration$LoadBalancerCaffeineWarnLogger]: Spring Cloud LoadBalancer is currently working with the default cache. While this cache implementation is useful for development and tests, it's recommended to use Caffeine cache in production.You can switch to using Caffeine cache, by adding it and org.springframework.cache.caffeine.CaffeineCacheManager to the classpath.
2024-08-24 21:10:38 INFO [org.springframework.cloud.netflix.eureka.InstanceInfoFactory]: Setting initial instance status as: STARTING
2024-08-24 21:10:39 INFO [com.netflix.discovery.DiscoveryClient]: Initializing Eureka in region us-east-1
2024-08-24 21:10:39 INFO [com.netflix.discovery.shared.resolver.aws.ConfigClusterResolver]: Resolving eureka endpoints via configuration
2024-08-24 21:10:39 INFO [com.netflix.discovery.DiscoveryClient]: Disable delta property : false
2024-08-24 21:10:39 INFO [com.netflix.discovery.DiscoveryClient]: Single vip registry refresh property : null
2024-08-24 21:10:39 INFO [com.netflix.discovery.DiscoveryClient]: Force full registry fetch : false
2024-08-24 21:10:39 INFO [com.netflix.discovery.DiscoveryClient]: Application is null : false
2024-08-24 21:10:39 INFO [com.netflix.discovery.DiscoveryClient]: Registered Applications size is zero : true
2024-08-24 21:10:39 INFO [com.netflix.discovery.DiscoveryClient]: Application version is -1: true
2024-08-24 21:10:39 INFO [com.netflix.discovery.DiscoveryClient]: Getting all instance registry info from the eureka server
2024-08-24 21:10:39 INFO [com.netflix.discovery.DiscoveryClient]: The response status is 200
2024-08-24 21:10:39 INFO [com.netflix.discovery.DiscoveryClient]: Starting heartbeat executor: renew interval is: 30
2024-08-24 21:10:39 INFO [com.netflix.discovery.InstanceInfoReplicator]: InstanceInfoReplicator onDemand update allowed rate per min is 4
2024-08-24 21:10:39 INFO [com.netflix.discovery.DiscoveryClient]: Discovery Client initialized at timestamp 1724505039249 with initial instances count: 1
2024-08-24 21:10:39 INFO [org.springframework.cloud.netflix.eureka.serviceregistry.EurekaServiceRegistry]: Registering application CONSUMER-SERVICE with eureka with status UP
2024-08-24 21:10:39 INFO [com.netflix.discovery.DiscoveryClient]: Saw local status change event StatusChangeEvent [timestamp=1724505039253, current=UP, previous=STARTING]
2024-08-24 21:10:39 INFO [com.netflix.discovery.DiscoveryClient]: DiscoveryClient_CONSUMER-SERVICE/GJS-20230828PFY:consumer-service:8081: registering service...
2024-08-24 21:10:39 INFO [org.springframework.boot.web.embedded.tomcat.TomcatWebServer]: Tomcat started on port(s): 8081 (http) with context path ''
2024-08-24 21:10:39 INFO [org.springframework.cloud.netflix.eureka.serviceregistry.EurekaAutoServiceRegistration]: Updating port to 8081
2024-08-24 21:10:39 INFO [com.netflix.discovery.DiscoveryClient]: DiscoveryClient_CONSUMER-SERVICE/GJS-20230828PFY:consumer-service:8081 - registration status: 204
2024-08-24 21:10:39 INFO [com.example.consumerservice.ConsumerServiceApplication]: Started ConsumerServiceApplication in 4.125 seconds (JVM running for 4.429)
2024-08-24 21:15:39 INFO [com.netflix.discovery.shared.resolver.aws.ConfigClusterResolver]: Resolving eureka endpoints via configuration
2024-08-24 21:19:12 INFO [org.springframework.web.servlet.DispatcherServlet]: Initializing Servlet 'dispatcherServlet'
2024-08-24 21:19:12 INFO [org.springframework.web.servlet.DispatcherServlet]: Completed initialization in 1 ms
2024-08-24 21:19:12 INFO [com.zaxxer.hikari.HikariDataSource]: HikariPool-1 - Starting...
2024-08-24 21:19:12 INFO [com.zaxxer.hikari.HikariDataSource]: HikariPool-1 - Start completed.
2024-08-24 21:20:39 INFO [com.netflix.discovery.shared.resolver.aws.ConfigClusterResolver]: Resolving eureka endpoints via configuration
2024-08-24 21:25:39 INFO [com.netflix.discovery.shared.resolver.aws.ConfigClusterResolver]: Resolving eureka endpoints via configuration
2024-08-24 21:30:39 INFO [com.netflix.discovery.shared.resolver.aws.ConfigClusterResolver]: Resolving eureka endpoints via configuration
2024-08-24 21:35:39 INFO [com.netflix.discovery.shared.resolver.aws.ConfigClusterResolver]: Resolving eureka endpoints via configuration
2024-08-24 21:40:39 INFO [com.netflix.discovery.shared.resolver.aws.ConfigClusterResolver]: Resolving eureka endpoints via configuration
2024-08-24 21:45:39 INFO [com.netflix.discovery.shared.resolver.aws.ConfigClusterResolver]: Resolving eureka endpoints via configuration
2024-08-24 21:50:39 INFO [com.netflix.discovery.shared.resolver.aws.ConfigClusterResolver]: Resolving eureka endpoints via configuration
2024-08-24 21:55:39 INFO [com.netflix.discovery.shared.resolver.aws.ConfigClusterResolver]: Resolving eureka endpoints via configuration
2024-08-24 22:00:39 INFO [com.netflix.discovery.shared.resolver.aws.ConfigClusterResolver]: Resolving eureka endpoints via configuration
2024-08-24 22:05:39 INFO [com.netflix.discovery.shared.resolver.aws.ConfigClusterResolver]: Resolving eureka endpoints via configuration
2024-08-24 22:10:39 INFO [com.netflix.discovery.shared.resolver.aws.ConfigClusterResolver]: Resolving eureka endpoints via configuration
2024-08-24 22:15:39 INFO [com.netflix.discovery.shared.resolver.aws.ConfigClusterResolver]: Resolving eureka endpoints via configuration
2024-08-24 22:20:39 INFO [com.netflix.discovery.shared.resolver.aws.ConfigClusterResolver]: Resolving eureka endpoints via configuration
2024-08-24 22:25:39 INFO [com.netflix.discovery.shared.resolver.aws.ConfigClusterResolver]: Resolving eureka endpoints via configuration
2024-08-24 22:30:39 INFO [com.netflix.discovery.shared.resolver.aws.ConfigClusterResolver]: Resolving eureka endpoints via configuration
2024-08-24 22:35:39 INFO [com.netflix.discovery.shared.resolver.aws.ConfigClusterResolver]: Resolving eureka endpoints via configuration
2024-08-24 22:40:39 INFO [com.netflix.discovery.shared.resolver.aws.ConfigClusterResolver]: Resolving eureka endpoints via configuration
2024-08-24 22:45:39 INFO [com.netflix.discovery.shared.resolver.aws.ConfigClusterResolver]: Resolving eureka endpoints via configuration
2024-08-24 22:50:39 INFO [com.netflix.discovery.shared.resolver.aws.ConfigClusterResolver]: Resolving eureka endpoints via configuration
2024-08-24 22:55:39 INFO [com.netflix.discovery.shared.resolver.aws.ConfigClusterResolver]: Resolving eureka endpoints via configuration
2024-08-24 23:00:39 INFO [com.netflix.discovery.shared.resolver.aws.ConfigClusterResolver]: Resolving eureka endpoints via configuration
2024-08-24 23:05:39 INFO [com.netflix.discovery.shared.resolver.aws.ConfigClusterResolver]: Resolving eureka endpoints via configuration
2024-08-24 23:10:39 INFO [com.netflix.discovery.shared.resolver.aws.ConfigClusterResolver]: Resolving eureka endpoints via configuration
2024-08-24 23:15:39 INFO [com.netflix.discovery.shared.resolver.aws.ConfigClusterResolver]: Resolving eureka endpoints via configuration
2024-08-24 23:20:39 INFO [com.netflix.discovery.shared.resolver.aws.ConfigClusterResolver]: Resolving eureka endpoints via configuration
2024-08-24 23:25:39 INFO [com.netflix.discovery.shared.resolver.aws.ConfigClusterResolver]: Resolving eureka endpoints via configuration
2024-08-24 23:30:39 INFO [com.netflix.discovery.shared.resolver.aws.ConfigClusterResolver]: Resolving eureka endpoints via configuration
2024-08-24 23:35:39 INFO [com.netflix.discovery.shared.resolver.aws.ConfigClusterResolver]: Resolving eureka endpoints via configuration
2024-08-24 23:40:39 INFO [com.netflix.discovery.shared.resolver.aws.ConfigClusterResolver]: Resolving eureka endpoints via configuration
2024-08-24 23:45:39 INFO [com.netflix.discovery.shared.resolver.aws.ConfigClusterResolver]: Resolving eureka endpoints via configuration
2024-08-24 23:50:39 INFO [com.netflix.discovery.shared.resolver.aws.ConfigClusterResolver]: Resolving eureka endpoints via configuration
2024-08-24 23:55:39 INFO [com.netflix.discovery.shared.resolver.aws.ConfigClusterResolver]: Resolving eureka endpoints via configuration
