2024-08-24 08:55:55 INFO [com.netflix.discovery.shared.resolver.aws.ConfigClusterResolver]: Resolving eureka endpoints via configuration
2024-08-24 09:00:56 INFO [com.netflix.discovery.shared.resolver.aws.ConfigClusterResolver]: Resolving eureka endpoints via configuration
2024-08-24 09:05:56 INFO [com.netflix.discovery.shared.resolver.aws.ConfigClusterResolver]: Resolving eureka endpoints via configuration
2024-08-24 09:10:56 INFO [com.netflix.discovery.shared.resolver.aws.ConfigClusterResolver]: Resolving eureka endpoints via configuration
2024-08-24 09:15:56 INFO [com.netflix.discovery.shared.resolver.aws.ConfigClusterResolver]: Resolving eureka endpoints via configuration
2024-08-24 09:20:56 INFO [com.netflix.discovery.shared.resolver.aws.ConfigClusterResolver]: Resolving eureka endpoints via configuration
2024-08-24 09:25:56 INFO [com.netflix.discovery.shared.resolver.aws.ConfigClusterResolver]: Resolving eureka endpoints via configuration
2024-08-24 09:30:56 INFO [com.netflix.discovery.shared.resolver.aws.ConfigClusterResolver]: Resolving eureka endpoints via configuration
2024-08-24 09:35:56 INFO [com.netflix.discovery.shared.resolver.aws.ConfigClusterResolver]: Resolving eureka endpoints via configuration
2024-08-24 09:40:56 INFO [com.netflix.discovery.shared.resolver.aws.ConfigClusterResolver]: Resolving eureka endpoints via configuration
2024-08-24 09:45:56 INFO [com.netflix.discovery.shared.resolver.aws.ConfigClusterResolver]: Resolving eureka endpoints via configuration
2024-08-24 09:50:56 INFO [com.netflix.discovery.shared.resolver.aws.ConfigClusterResolver]: Resolving eureka endpoints via configuration
2024-08-24 09:55:56 INFO [com.netflix.discovery.shared.resolver.aws.ConfigClusterResolver]: Resolving eureka endpoints via configuration
2024-08-24 10:00:56 INFO [com.netflix.discovery.shared.resolver.aws.ConfigClusterResolver]: Resolving eureka endpoints via configuration
2024-08-24 10:05:56 INFO [com.netflix.discovery.shared.resolver.aws.ConfigClusterResolver]: Resolving eureka endpoints via configuration
2024-08-24 10:10:56 INFO [com.netflix.discovery.shared.resolver.aws.ConfigClusterResolver]: Resolving eureka endpoints via configuration
2024-08-24 10:15:56 INFO [com.netflix.discovery.shared.resolver.aws.ConfigClusterResolver]: Resolving eureka endpoints via configuration
2024-08-24 10:20:56 INFO [com.netflix.discovery.shared.resolver.aws.ConfigClusterResolver]: Resolving eureka endpoints via configuration
2024-08-24 10:25:56 INFO [com.netflix.discovery.shared.resolver.aws.ConfigClusterResolver]: Resolving eureka endpoints via configuration
2024-08-24 10:30:56 INFO [com.netflix.discovery.shared.resolver.aws.ConfigClusterResolver]: Resolving eureka endpoints via configuration
2024-08-24 10:35:56 INFO [com.netflix.discovery.shared.resolver.aws.ConfigClusterResolver]: Resolving eureka endpoints via configuration
2024-08-24 10:40:56 INFO [com.netflix.discovery.shared.resolver.aws.ConfigClusterResolver]: Resolving eureka endpoints via configuration
2024-08-24 10:45:56 INFO [com.netflix.discovery.shared.resolver.aws.ConfigClusterResolver]: Resolving eureka endpoints via configuration
2024-08-24 10:50:56 INFO [com.netflix.discovery.shared.resolver.aws.ConfigClusterResolver]: Resolving eureka endpoints via configuration
2024-08-24 10:55:56 INFO [com.netflix.discovery.shared.resolver.aws.ConfigClusterResolver]: Resolving eureka endpoints via configuration
2024-08-24 11:00:56 INFO [com.netflix.discovery.shared.resolver.aws.ConfigClusterResolver]: Resolving eureka endpoints via configuration
2024-08-24 11:05:56 INFO [com.netflix.discovery.shared.resolver.aws.ConfigClusterResolver]: Resolving eureka endpoints via configuration
2024-08-24 11:10:56 INFO [com.netflix.discovery.shared.resolver.aws.ConfigClusterResolver]: Resolving eureka endpoints via configuration
2024-08-24 11:15:56 INFO [com.netflix.discovery.shared.resolver.aws.ConfigClusterResolver]: Resolving eureka endpoints via configuration
2024-08-24 11:20:56 INFO [com.netflix.discovery.shared.resolver.aws.ConfigClusterResolver]: Resolving eureka endpoints via configuration
2024-08-24 11:25:56 INFO [com.netflix.discovery.shared.resolver.aws.ConfigClusterResolver]: Resolving eureka endpoints via configuration
2024-08-24 11:30:56 INFO [com.netflix.discovery.shared.resolver.aws.ConfigClusterResolver]: Resolving eureka endpoints via configuration
2024-08-24 11:35:56 INFO [com.netflix.discovery.shared.resolver.aws.ConfigClusterResolver]: Resolving eureka endpoints via configuration
2024-08-24 11:40:56 INFO [com.netflix.discovery.shared.resolver.aws.ConfigClusterResolver]: Resolving eureka endpoints via configuration
2024-08-24 11:45:56 INFO [com.netflix.discovery.shared.resolver.aws.ConfigClusterResolver]: Resolving eureka endpoints via configuration
2024-08-24 11:50:56 INFO [com.netflix.discovery.shared.resolver.aws.ConfigClusterResolver]: Resolving eureka endpoints via configuration
2024-08-24 11:55:56 INFO [com.netflix.discovery.shared.resolver.aws.ConfigClusterResolver]: Resolving eureka endpoints via configuration
2024-08-24 12:00:56 INFO [com.netflix.discovery.shared.resolver.aws.ConfigClusterResolver]: Resolving eureka endpoints via configuration
2024-08-24 12:05:56 INFO [com.netflix.discovery.shared.resolver.aws.ConfigClusterResolver]: Resolving eureka endpoints via configuration
2024-08-24 12:10:56 INFO [com.netflix.discovery.shared.resolver.aws.ConfigClusterResolver]: Resolving eureka endpoints via configuration
2024-08-24 12:15:56 INFO [com.netflix.discovery.shared.resolver.aws.ConfigClusterResolver]: Resolving eureka endpoints via configuration
2024-08-24 12:20:56 INFO [com.netflix.discovery.shared.resolver.aws.ConfigClusterResolver]: Resolving eureka endpoints via configuration
2024-08-24 12:25:56 INFO [com.netflix.discovery.shared.resolver.aws.ConfigClusterResolver]: Resolving eureka endpoints via configuration
2024-08-24 12:30:56 INFO [com.netflix.discovery.shared.resolver.aws.ConfigClusterResolver]: Resolving eureka endpoints via configuration
2024-08-24 12:35:57 INFO [com.netflix.discovery.shared.resolver.aws.ConfigClusterResolver]: Resolving eureka endpoints via configuration
2024-08-24 12:40:57 INFO [com.netflix.discovery.shared.resolver.aws.ConfigClusterResolver]: Resolving eureka endpoints via configuration
2024-08-24 12:45:57 INFO [com.netflix.discovery.shared.resolver.aws.ConfigClusterResolver]: Resolving eureka endpoints via configuration
2024-08-24 12:50:57 INFO [com.netflix.discovery.shared.resolver.aws.ConfigClusterResolver]: Resolving eureka endpoints via configuration
2024-08-24 12:55:57 INFO [com.netflix.discovery.shared.resolver.aws.ConfigClusterResolver]: Resolving eureka endpoints via configuration
2024-08-24 13:00:57 INFO [com.netflix.discovery.shared.resolver.aws.ConfigClusterResolver]: Resolving eureka endpoints via configuration
2024-08-24 13:05:57 INFO [com.netflix.discovery.shared.resolver.aws.ConfigClusterResolver]: Resolving eureka endpoints via configuration
2024-08-24 13:10:57 INFO [com.netflix.discovery.shared.resolver.aws.ConfigClusterResolver]: Resolving eureka endpoints via configuration
2024-08-24 13:15:57 INFO [com.netflix.discovery.shared.resolver.aws.ConfigClusterResolver]: Resolving eureka endpoints via configuration
2024-08-24 13:20:57 INFO [com.netflix.discovery.shared.resolver.aws.ConfigClusterResolver]: Resolving eureka endpoints via configuration
2024-08-24 13:25:57 INFO [com.netflix.discovery.shared.resolver.aws.ConfigClusterResolver]: Resolving eureka endpoints via configuration
2024-08-24 13:30:57 INFO [com.netflix.discovery.shared.resolver.aws.ConfigClusterResolver]: Resolving eureka endpoints via configuration
2024-08-24 13:35:57 INFO [com.netflix.discovery.shared.resolver.aws.ConfigClusterResolver]: Resolving eureka endpoints via configuration
2024-08-24 13:40:57 INFO [com.netflix.discovery.shared.resolver.aws.ConfigClusterResolver]: Resolving eureka endpoints via configuration
2024-08-24 13:45:57 INFO [com.netflix.discovery.shared.resolver.aws.ConfigClusterResolver]: Resolving eureka endpoints via configuration
2024-08-24 13:50:57 INFO [com.netflix.discovery.shared.resolver.aws.ConfigClusterResolver]: Resolving eureka endpoints via configuration
2024-08-24 13:55:57 INFO [com.netflix.discovery.shared.resolver.aws.ConfigClusterResolver]: Resolving eureka endpoints via configuration
2024-08-24 14:00:57 INFO [com.netflix.discovery.shared.resolver.aws.ConfigClusterResolver]: Resolving eureka endpoints via configuration
2024-08-24 14:05:57 INFO [com.netflix.discovery.shared.resolver.aws.ConfigClusterResolver]: Resolving eureka endpoints via configuration
2024-08-24 15:44:15 INFO [org.springframework.cloud.commons.util.InetUtils]: Cannot determine local hostname
2024-08-24 15:44:15 INFO [com.example.socialservice.ContentServiceApplication]: Starting ContentServiceApplication using Java 20.0.2 on GJS-20230828PFY with PID 31456 (D:\上课资料\软工大作业\final-music\music-web-master\social-service\target\classes started by Windows11 in D:\上课资料\软工大作业\final-music\music-web-master\social-service)
2024-08-24 15:44:15 INFO [com.example.socialservice.ContentServiceApplication]: The following profiles are active: dev
2024-08-24 15:44:15 INFO [org.springframework.boot.devtools.env.DevToolsPropertyDefaultsPostProcessor]: Devtools property defaults active! Set 'spring.devtools.add-properties' to 'false' to disable
2024-08-24 15:44:15 INFO [org.springframework.boot.devtools.env.DevToolsPropertyDefaultsPostProcessor]: For additional web related logging consider setting the 'logging.level.web' property to 'DEBUG'
2024-08-24 15:44:16 INFO [org.springframework.data.repository.config.RepositoryConfigurationDelegate]: Multiple Spring Data modules found, entering strict repository configuration mode!
2024-08-24 15:44:16 INFO [org.springframework.data.repository.config.RepositoryConfigurationDelegate]: Bootstrapping Spring Data Redis repositories in DEFAULT mode.
2024-08-24 15:44:16 INFO [org.springframework.data.repository.config.RepositoryConfigurationDelegate]: Finished Spring Data repository scanning in 6 ms. Found 0 Redis repository interfaces.
2024-08-24 15:44:16 INFO [org.springframework.cloud.context.scope.GenericScope]: BeanFactory id=86e520d6-f0b9-3a1e-8b57-c6250be86b53
2024-08-24 15:44:16 INFO [org.springframework.boot.web.embedded.tomcat.TomcatWebServer]: Tomcat initialized with port(s): 8083 (http)
2024-08-24 15:44:16 INFO [org.springframework.boot.web.servlet.context.ServletWebServerApplicationContext]: Root WebApplicationContext: initialization completed in 1137 ms
2024-08-24 15:44:17 WARN [org.springframework.boot.devtools.autoconfigure.OptionalLiveReloadServer]: Unable to start LiveReload server
2024-08-24 15:44:17 INFO [org.springframework.cloud.openfeign.FeignClientFactoryBean]: For 'consumer-service' URL not provided. Will try picking an instance via load-balancing.
2024-08-24 15:44:17 INFO [org.springframework.cloud.openfeign.FeignClientFactoryBean]: For 'social-service' URL not provided. Will try picking an instance via load-balancing.
2024-08-24 15:44:19 INFO [org.springframework.cloud.commons.util.InetUtils]: Cannot determine local hostname
2024-08-24 15:44:19 INFO [org.springframework.cloud.netflix.eureka.config.DiscoveryClientOptionalArgsConfiguration]: Eureka HTTP Client uses RestTemplate.
2024-08-24 15:44:20 INFO [org.springframework.cloud.commons.util.InetUtils]: Cannot determine local hostname
2024-08-24 15:44:20 WARN [org.springframework.cloud.loadbalancer.config.LoadBalancerCacheAutoConfiguration$LoadBalancerCaffeineWarnLogger]: Spring Cloud LoadBalancer is currently working with the default cache. While this cache implementation is useful for development and tests, it's recommended to use Caffeine cache in production.You can switch to using Caffeine cache, by adding it and org.springframework.cache.caffeine.CaffeineCacheManager to the classpath.
2024-08-24 15:44:20 INFO [org.springframework.cloud.netflix.eureka.InstanceInfoFactory]: Setting initial instance status as: STARTING
2024-08-24 15:44:20 INFO [com.netflix.discovery.DiscoveryClient]: Initializing Eureka in region us-east-1
2024-08-24 15:44:20 INFO [com.netflix.discovery.shared.resolver.aws.ConfigClusterResolver]: Resolving eureka endpoints via configuration
2024-08-24 15:44:20 INFO [com.netflix.discovery.DiscoveryClient]: Disable delta property : false
2024-08-24 15:44:20 INFO [com.netflix.discovery.DiscoveryClient]: Single vip registry refresh property : null
2024-08-24 15:44:20 INFO [com.netflix.discovery.DiscoveryClient]: Force full registry fetch : false
2024-08-24 15:44:20 INFO [com.netflix.discovery.DiscoveryClient]: Application is null : false
2024-08-24 15:44:20 INFO [com.netflix.discovery.DiscoveryClient]: Registered Applications size is zero : true
2024-08-24 15:44:20 INFO [com.netflix.discovery.DiscoveryClient]: Application version is -1: true
2024-08-24 15:44:20 INFO [com.netflix.discovery.DiscoveryClient]: Getting all instance registry info from the eureka server
2024-08-24 15:44:20 INFO [com.netflix.discovery.DiscoveryClient]: The response status is 200
2024-08-24 15:44:20 INFO [com.netflix.discovery.DiscoveryClient]: Starting heartbeat executor: renew interval is: 30
2024-08-24 15:44:20 INFO [com.netflix.discovery.InstanceInfoReplicator]: InstanceInfoReplicator onDemand update allowed rate per min is 4
2024-08-24 15:44:20 INFO [com.netflix.discovery.DiscoveryClient]: Discovery Client initialized at timestamp 1724485460592 with initial instances count: 3
2024-08-24 15:44:20 INFO [org.springframework.cloud.netflix.eureka.serviceregistry.EurekaServiceRegistry]: Registering application SOCIAL-SERVICE with eureka with status UP
2024-08-24 15:44:20 INFO [com.netflix.discovery.DiscoveryClient]: Saw local status change event StatusChangeEvent [timestamp=1724485460595, current=UP, previous=STARTING]
2024-08-24 15:44:20 INFO [com.netflix.discovery.DiscoveryClient]: DiscoveryClient_SOCIAL-SERVICE/localhost:social-service:8083: registering service...
2024-08-24 15:44:20 INFO [org.springframework.boot.web.embedded.tomcat.TomcatWebServer]: Tomcat started on port(s): 8083 (http) with context path ''
2024-08-24 15:44:20 INFO [org.springframework.cloud.netflix.eureka.serviceregistry.EurekaAutoServiceRegistration]: Updating port to 8083
2024-08-24 15:44:20 INFO [com.netflix.discovery.DiscoveryClient]: DiscoveryClient_SOCIAL-SERVICE/localhost:social-service:8083 - registration status: 204
2024-08-24 15:44:21 INFO [org.springframework.cloud.commons.util.InetUtils]: Cannot determine local hostname
2024-08-24 15:44:21 INFO [com.example.socialservice.ContentServiceApplication]: Started ContentServiceApplication in 7.652 seconds (JVM running for 7.971)
2024-08-24 15:49:20 INFO [com.netflix.discovery.shared.resolver.aws.ConfigClusterResolver]: Resolving eureka endpoints via configuration
2024-08-24 15:54:20 INFO [com.netflix.discovery.shared.resolver.aws.ConfigClusterResolver]: Resolving eureka endpoints via configuration
2024-08-24 15:59:20 INFO [com.netflix.discovery.shared.resolver.aws.ConfigClusterResolver]: Resolving eureka endpoints via configuration
2024-08-24 16:04:20 INFO [com.netflix.discovery.shared.resolver.aws.ConfigClusterResolver]: Resolving eureka endpoints via configuration
2024-08-24 16:09:20 INFO [com.netflix.discovery.shared.resolver.aws.ConfigClusterResolver]: Resolving eureka endpoints via configuration
2024-08-24 16:10:58 INFO [org.springframework.web.servlet.DispatcherServlet]: Initializing Servlet 'dispatcherServlet'
2024-08-24 16:10:58 INFO [org.springframework.web.servlet.DispatcherServlet]: Completed initialization in 1 ms
2024-08-24 16:14:20 INFO [com.netflix.discovery.shared.resolver.aws.ConfigClusterResolver]: Resolving eureka endpoints via configuration
2024-08-24 16:19:20 INFO [com.netflix.discovery.shared.resolver.aws.ConfigClusterResolver]: Resolving eureka endpoints via configuration
2024-08-24 16:24:20 INFO [com.netflix.discovery.shared.resolver.aws.ConfigClusterResolver]: Resolving eureka endpoints via configuration
2024-08-24 16:29:20 INFO [com.netflix.discovery.shared.resolver.aws.ConfigClusterResolver]: Resolving eureka endpoints via configuration
2024-08-24 16:34:20 INFO [com.netflix.discovery.shared.resolver.aws.ConfigClusterResolver]: Resolving eureka endpoints via configuration
2024-08-24 16:39:20 INFO [com.netflix.discovery.shared.resolver.aws.ConfigClusterResolver]: Resolving eureka endpoints via configuration
2024-08-24 16:44:20 INFO [com.netflix.discovery.shared.resolver.aws.ConfigClusterResolver]: Resolving eureka endpoints via configuration
2024-08-24 16:49:20 INFO [com.netflix.discovery.shared.resolver.aws.ConfigClusterResolver]: Resolving eureka endpoints via configuration
2024-08-24 16:54:20 INFO [com.netflix.discovery.shared.resolver.aws.ConfigClusterResolver]: Resolving eureka endpoints via configuration
2024-08-24 16:59:20 INFO [com.netflix.discovery.shared.resolver.aws.ConfigClusterResolver]: Resolving eureka endpoints via configuration
2024-08-24 17:04:20 INFO [com.netflix.discovery.shared.resolver.aws.ConfigClusterResolver]: Resolving eureka endpoints via configuration
2024-08-24 17:09:20 INFO [com.netflix.discovery.shared.resolver.aws.ConfigClusterResolver]: Resolving eureka endpoints via configuration
2024-08-24 17:14:20 INFO [com.netflix.discovery.shared.resolver.aws.ConfigClusterResolver]: Resolving eureka endpoints via configuration
2024-08-24 17:19:20 INFO [com.netflix.discovery.shared.resolver.aws.ConfigClusterResolver]: Resolving eureka endpoints via configuration
2024-08-24 17:24:20 INFO [com.netflix.discovery.shared.resolver.aws.ConfigClusterResolver]: Resolving eureka endpoints via configuration
2024-08-24 17:29:20 INFO [com.netflix.discovery.shared.resolver.aws.ConfigClusterResolver]: Resolving eureka endpoints via configuration
2024-08-24 17:34:20 INFO [com.netflix.discovery.shared.resolver.aws.ConfigClusterResolver]: Resolving eureka endpoints via configuration
2024-08-24 17:39:20 INFO [com.netflix.discovery.shared.resolver.aws.ConfigClusterResolver]: Resolving eureka endpoints via configuration
2024-08-24 17:44:20 INFO [com.netflix.discovery.shared.resolver.aws.ConfigClusterResolver]: Resolving eureka endpoints via configuration
2024-08-24 17:46:29 INFO [com.zaxxer.hikari.HikariDataSource]: HikariPool-1 - Starting...
2024-08-24 17:46:30 INFO [com.zaxxer.hikari.HikariDataSource]: HikariPool-1 - Start completed.
2024-08-24 17:49:20 INFO [com.netflix.discovery.shared.resolver.aws.ConfigClusterResolver]: Resolving eureka endpoints via configuration
2024-08-24 17:54:20 INFO [com.netflix.discovery.shared.resolver.aws.ConfigClusterResolver]: Resolving eureka endpoints via configuration
2024-08-24 17:59:20 INFO [com.netflix.discovery.shared.resolver.aws.ConfigClusterResolver]: Resolving eureka endpoints via configuration
2024-08-24 18:04:20 INFO [com.netflix.discovery.shared.resolver.aws.ConfigClusterResolver]: Resolving eureka endpoints via configuration
2024-08-24 18:09:20 INFO [com.netflix.discovery.shared.resolver.aws.ConfigClusterResolver]: Resolving eureka endpoints via configuration
2024-08-24 18:14:20 INFO [com.netflix.discovery.shared.resolver.aws.ConfigClusterResolver]: Resolving eureka endpoints via configuration
2024-08-24 18:19:20 INFO [com.netflix.discovery.shared.resolver.aws.ConfigClusterResolver]: Resolving eureka endpoints via configuration
2024-08-24 18:24:20 INFO [com.netflix.discovery.shared.resolver.aws.ConfigClusterResolver]: Resolving eureka endpoints via configuration
2024-08-24 18:29:20 INFO [com.netflix.discovery.shared.resolver.aws.ConfigClusterResolver]: Resolving eureka endpoints via configuration
2024-08-24 18:34:20 INFO [com.netflix.discovery.shared.resolver.aws.ConfigClusterResolver]: Resolving eureka endpoints via configuration
2024-08-24 18:39:20 INFO [com.netflix.discovery.shared.resolver.aws.ConfigClusterResolver]: Resolving eureka endpoints via configuration
2024-08-24 18:44:20 INFO [com.netflix.discovery.shared.resolver.aws.ConfigClusterResolver]: Resolving eureka endpoints via configuration
2024-08-24 18:49:20 INFO [com.netflix.discovery.shared.resolver.aws.ConfigClusterResolver]: Resolving eureka endpoints via configuration
2024-08-24 18:54:20 INFO [com.netflix.discovery.shared.resolver.aws.ConfigClusterResolver]: Resolving eureka endpoints via configuration
2024-08-24 18:59:20 INFO [com.netflix.discovery.shared.resolver.aws.ConfigClusterResolver]: Resolving eureka endpoints via configuration
2024-08-24 19:04:20 INFO [com.netflix.discovery.shared.resolver.aws.ConfigClusterResolver]: Resolving eureka endpoints via configuration
2024-08-24 19:09:20 INFO [com.netflix.discovery.shared.resolver.aws.ConfigClusterResolver]: Resolving eureka endpoints via configuration
2024-08-24 19:14:20 INFO [com.netflix.discovery.shared.resolver.aws.ConfigClusterResolver]: Resolving eureka endpoints via configuration
2024-08-24 19:19:20 INFO [com.netflix.discovery.shared.resolver.aws.ConfigClusterResolver]: Resolving eureka endpoints via configuration
2024-08-24 19:24:20 INFO [com.netflix.discovery.shared.resolver.aws.ConfigClusterResolver]: Resolving eureka endpoints via configuration
2024-08-24 19:29:20 INFO [com.netflix.discovery.shared.resolver.aws.ConfigClusterResolver]: Resolving eureka endpoints via configuration
2024-08-24 19:34:20 INFO [com.netflix.discovery.shared.resolver.aws.ConfigClusterResolver]: Resolving eureka endpoints via configuration
2024-08-24 19:39:20 INFO [com.netflix.discovery.shared.resolver.aws.ConfigClusterResolver]: Resolving eureka endpoints via configuration
2024-08-24 19:44:20 INFO [com.netflix.discovery.shared.resolver.aws.ConfigClusterResolver]: Resolving eureka endpoints via configuration
2024-08-24 19:49:20 INFO [com.netflix.discovery.shared.resolver.aws.ConfigClusterResolver]: Resolving eureka endpoints via configuration
2024-08-24 19:54:20 INFO [com.netflix.discovery.shared.resolver.aws.ConfigClusterResolver]: Resolving eureka endpoints via configuration
2024-08-24 19:59:20 INFO [com.netflix.discovery.shared.resolver.aws.ConfigClusterResolver]: Resolving eureka endpoints via configuration
2024-08-24 20:04:20 INFO [com.netflix.discovery.shared.resolver.aws.ConfigClusterResolver]: Resolving eureka endpoints via configuration
2024-08-24 20:09:20 INFO [com.netflix.discovery.shared.resolver.aws.ConfigClusterResolver]: Resolving eureka endpoints via configuration
2024-08-24 20:14:20 INFO [com.netflix.discovery.shared.resolver.aws.ConfigClusterResolver]: Resolving eureka endpoints via configuration
2024-08-24 20:19:20 INFO [com.netflix.discovery.shared.resolver.aws.ConfigClusterResolver]: Resolving eureka endpoints via configuration
2024-08-24 20:24:20 INFO [com.netflix.discovery.shared.resolver.aws.ConfigClusterResolver]: Resolving eureka endpoints via configuration
2024-08-24 20:29:20 INFO [com.netflix.discovery.shared.resolver.aws.ConfigClusterResolver]: Resolving eureka endpoints via configuration
2024-08-24 20:34:20 INFO [com.netflix.discovery.shared.resolver.aws.ConfigClusterResolver]: Resolving eureka endpoints via configuration
2024-08-24 20:39:20 INFO [com.netflix.discovery.shared.resolver.aws.ConfigClusterResolver]: Resolving eureka endpoints via configuration
2024-08-24 20:44:20 INFO [com.netflix.discovery.shared.resolver.aws.ConfigClusterResolver]: Resolving eureka endpoints via configuration
2024-08-24 20:49:20 INFO [com.netflix.discovery.shared.resolver.aws.ConfigClusterResolver]: Resolving eureka endpoints via configuration
2024-08-24 20:54:20 INFO [com.netflix.discovery.shared.resolver.aws.ConfigClusterResolver]: Resolving eureka endpoints via configuration
2024-08-24 20:59:20 INFO [com.netflix.discovery.shared.resolver.aws.ConfigClusterResolver]: Resolving eureka endpoints via configuration
2024-08-24 21:04:20 INFO [com.netflix.discovery.shared.resolver.aws.ConfigClusterResolver]: Resolving eureka endpoints via configuration
2024-08-24 21:10:50 INFO [com.example.socialservice.ContentServiceApplication]: Starting ContentServiceApplication using Java 20.0.2 on GJS-20230828PFY with PID 24208 (D:\上课资料\软工大作业\final-music\music-web-master\social-service\target\classes started by Windows11 in D:\上课资料\软工大作业\final-music\music-web-master\social-service)
2024-08-24 21:10:50 INFO [com.example.socialservice.ContentServiceApplication]: The following profiles are active: dev
2024-08-24 21:10:50 INFO [org.springframework.boot.devtools.env.DevToolsPropertyDefaultsPostProcessor]: Devtools property defaults active! Set 'spring.devtools.add-properties' to 'false' to disable
2024-08-24 21:10:50 INFO [org.springframework.boot.devtools.env.DevToolsPropertyDefaultsPostProcessor]: For additional web related logging consider setting the 'logging.level.web' property to 'DEBUG'
2024-08-24 21:10:51 INFO [org.springframework.data.repository.config.RepositoryConfigurationDelegate]: Multiple Spring Data modules found, entering strict repository configuration mode!
2024-08-24 21:10:51 INFO [org.springframework.data.repository.config.RepositoryConfigurationDelegate]: Bootstrapping Spring Data Redis repositories in DEFAULT mode.
2024-08-24 21:10:51 INFO [org.springframework.data.repository.config.RepositoryConfigurationDelegate]: Finished Spring Data repository scanning in 6 ms. Found 0 Redis repository interfaces.
2024-08-24 21:10:51 INFO [org.springframework.cloud.context.scope.GenericScope]: BeanFactory id=86e520d6-f0b9-3a1e-8b57-c6250be86b53
2024-08-24 21:10:51 INFO [org.springframework.boot.web.embedded.tomcat.TomcatWebServer]: Tomcat initialized with port(s): 8083 (http)
2024-08-24 21:10:52 INFO [org.springframework.boot.web.servlet.context.ServletWebServerApplicationContext]: Root WebApplicationContext: initialization completed in 1236 ms
2024-08-24 21:10:52 WARN [org.springframework.boot.devtools.autoconfigure.OptionalLiveReloadServer]: Unable to start LiveReload server
2024-08-24 21:10:52 INFO [org.springframework.cloud.openfeign.FeignClientFactoryBean]: For 'consumer-service' URL not provided. Will try picking an instance via load-balancing.
2024-08-24 21:10:52 INFO [org.springframework.cloud.openfeign.FeignClientFactoryBean]: For 'social-service' URL not provided. Will try picking an instance via load-balancing.
2024-08-24 21:10:53 INFO [org.springframework.cloud.netflix.eureka.config.DiscoveryClientOptionalArgsConfiguration]: Eureka HTTP Client uses RestTemplate.
2024-08-24 21:10:53 WARN [org.springframework.cloud.loadbalancer.config.LoadBalancerCacheAutoConfiguration$LoadBalancerCaffeineWarnLogger]: Spring Cloud LoadBalancer is currently working with the default cache. While this cache implementation is useful for development and tests, it's recommended to use Caffeine cache in production.You can switch to using Caffeine cache, by adding it and org.springframework.cache.caffeine.CaffeineCacheManager to the classpath.
2024-08-24 21:10:53 INFO [org.springframework.cloud.netflix.eureka.InstanceInfoFactory]: Setting initial instance status as: STARTING
2024-08-24 21:10:53 INFO [com.netflix.discovery.DiscoveryClient]: Initializing Eureka in region us-east-1
2024-08-24 21:10:53 INFO [com.netflix.discovery.shared.resolver.aws.ConfigClusterResolver]: Resolving eureka endpoints via configuration
2024-08-24 21:10:53 INFO [com.netflix.discovery.DiscoveryClient]: Disable delta property : false
2024-08-24 21:10:53 INFO [com.netflix.discovery.DiscoveryClient]: Single vip registry refresh property : null
2024-08-24 21:10:53 INFO [com.netflix.discovery.DiscoveryClient]: Force full registry fetch : false
2024-08-24 21:10:53 INFO [com.netflix.discovery.DiscoveryClient]: Application is null : false
2024-08-24 21:10:53 INFO [com.netflix.discovery.DiscoveryClient]: Registered Applications size is zero : true
2024-08-24 21:10:53 INFO [com.netflix.discovery.DiscoveryClient]: Application version is -1: true
2024-08-24 21:10:53 INFO [com.netflix.discovery.DiscoveryClient]: Getting all instance registry info from the eureka server
2024-08-24 21:10:53 INFO [com.netflix.discovery.DiscoveryClient]: The response status is 200
2024-08-24 21:10:53 INFO [com.netflix.discovery.DiscoveryClient]: Starting heartbeat executor: renew interval is: 30
2024-08-24 21:10:53 INFO [com.netflix.discovery.InstanceInfoReplicator]: InstanceInfoReplicator onDemand update allowed rate per min is 4
2024-08-24 21:10:53 INFO [com.netflix.discovery.DiscoveryClient]: Discovery Client initialized at timestamp 1724505053813 with initial instances count: 1
2024-08-24 21:10:53 INFO [org.springframework.cloud.netflix.eureka.serviceregistry.EurekaServiceRegistry]: Registering application SOCIAL-SERVICE with eureka with status UP
2024-08-24 21:10:53 INFO [com.netflix.discovery.DiscoveryClient]: Saw local status change event StatusChangeEvent [timestamp=1724505053815, current=UP, previous=STARTING]
2024-08-24 21:10:53 INFO [com.netflix.discovery.DiscoveryClient]: DiscoveryClient_SOCIAL-SERVICE/GJS-20230828PFY:social-service:8083: registering service...
2024-08-24 21:10:53 INFO [org.springframework.boot.web.embedded.tomcat.TomcatWebServer]: Tomcat started on port(s): 8083 (http) with context path ''
2024-08-24 21:10:53 INFO [org.springframework.cloud.netflix.eureka.serviceregistry.EurekaAutoServiceRegistration]: Updating port to 8083
2024-08-24 21:10:53 INFO [com.netflix.discovery.DiscoveryClient]: DiscoveryClient_SOCIAL-SERVICE/GJS-20230828PFY:social-service:8083 - registration status: 204
2024-08-24 21:10:54 INFO [com.example.socialservice.ContentServiceApplication]: Started ContentServiceApplication in 3.706 seconds (JVM running for 4.057)
2024-08-24 21:15:53 INFO [com.netflix.discovery.shared.resolver.aws.ConfigClusterResolver]: Resolving eureka endpoints via configuration
2024-08-24 21:19:12 INFO [org.springframework.web.servlet.DispatcherServlet]: Initializing Servlet 'dispatcherServlet'
2024-08-24 21:19:12 INFO [org.springframework.web.servlet.DispatcherServlet]: Completed initialization in 1 ms
2024-08-24 21:19:12 INFO [com.zaxxer.hikari.HikariDataSource]: HikariPool-1 - Starting...
2024-08-24 21:19:13 INFO [com.zaxxer.hikari.HikariDataSource]: HikariPool-1 - Start completed.
2024-08-24 21:20:53 INFO [com.netflix.discovery.shared.resolver.aws.ConfigClusterResolver]: Resolving eureka endpoints via configuration
2024-08-24 21:25:53 INFO [com.netflix.discovery.shared.resolver.aws.ConfigClusterResolver]: Resolving eureka endpoints via configuration
2024-08-24 21:30:53 INFO [com.netflix.discovery.shared.resolver.aws.ConfigClusterResolver]: Resolving eureka endpoints via configuration
2024-08-24 21:35:53 INFO [com.netflix.discovery.shared.resolver.aws.ConfigClusterResolver]: Resolving eureka endpoints via configuration
2024-08-24 21:40:53 INFO [com.netflix.discovery.shared.resolver.aws.ConfigClusterResolver]: Resolving eureka endpoints via configuration
2024-08-24 21:45:53 INFO [com.netflix.discovery.shared.resolver.aws.ConfigClusterResolver]: Resolving eureka endpoints via configuration
2024-08-24 21:50:53 INFO [com.netflix.discovery.shared.resolver.aws.ConfigClusterResolver]: Resolving eureka endpoints via configuration
2024-08-24 21:55:53 INFO [com.netflix.discovery.shared.resolver.aws.ConfigClusterResolver]: Resolving eureka endpoints via configuration
2024-08-24 22:00:53 INFO [com.netflix.discovery.shared.resolver.aws.ConfigClusterResolver]: Resolving eureka endpoints via configuration
2024-08-24 22:05:53 INFO [com.netflix.discovery.shared.resolver.aws.ConfigClusterResolver]: Resolving eureka endpoints via configuration
2024-08-24 22:10:53 INFO [com.netflix.discovery.shared.resolver.aws.ConfigClusterResolver]: Resolving eureka endpoints via configuration
2024-08-24 22:15:53 INFO [com.netflix.discovery.shared.resolver.aws.ConfigClusterResolver]: Resolving eureka endpoints via configuration
2024-08-24 22:20:53 INFO [com.netflix.discovery.shared.resolver.aws.ConfigClusterResolver]: Resolving eureka endpoints via configuration
2024-08-24 22:25:53 INFO [com.netflix.discovery.shared.resolver.aws.ConfigClusterResolver]: Resolving eureka endpoints via configuration
2024-08-24 22:30:53 INFO [com.netflix.discovery.shared.resolver.aws.ConfigClusterResolver]: Resolving eureka endpoints via configuration
2024-08-24 22:35:53 INFO [com.netflix.discovery.shared.resolver.aws.ConfigClusterResolver]: Resolving eureka endpoints via configuration
2024-08-24 22:40:53 INFO [com.netflix.discovery.shared.resolver.aws.ConfigClusterResolver]: Resolving eureka endpoints via configuration
2024-08-24 22:45:53 INFO [com.netflix.discovery.shared.resolver.aws.ConfigClusterResolver]: Resolving eureka endpoints via configuration
2024-08-24 22:50:53 INFO [com.netflix.discovery.shared.resolver.aws.ConfigClusterResolver]: Resolving eureka endpoints via configuration
2024-08-24 22:55:53 INFO [com.netflix.discovery.shared.resolver.aws.ConfigClusterResolver]: Resolving eureka endpoints via configuration
2024-08-24 23:00:53 INFO [com.netflix.discovery.shared.resolver.aws.ConfigClusterResolver]: Resolving eureka endpoints via configuration
2024-08-24 23:05:53 INFO [com.netflix.discovery.shared.resolver.aws.ConfigClusterResolver]: Resolving eureka endpoints via configuration
2024-08-24 23:10:53 INFO [com.netflix.discovery.shared.resolver.aws.ConfigClusterResolver]: Resolving eureka endpoints via configuration
2024-08-24 23:15:53 INFO [com.netflix.discovery.shared.resolver.aws.ConfigClusterResolver]: Resolving eureka endpoints via configuration
2024-08-24 23:20:53 INFO [com.netflix.discovery.shared.resolver.aws.ConfigClusterResolver]: Resolving eureka endpoints via configuration
2024-08-24 23:25:53 INFO [com.netflix.discovery.shared.resolver.aws.ConfigClusterResolver]: Resolving eureka endpoints via configuration
2024-08-24 23:30:53 INFO [com.netflix.discovery.shared.resolver.aws.ConfigClusterResolver]: Resolving eureka endpoints via configuration
2024-08-24 23:35:53 INFO [com.netflix.discovery.shared.resolver.aws.ConfigClusterResolver]: Resolving eureka endpoints via configuration
2024-08-24 23:40:53 INFO [com.netflix.discovery.shared.resolver.aws.ConfigClusterResolver]: Resolving eureka endpoints via configuration
2024-08-24 23:45:53 INFO [com.netflix.discovery.shared.resolver.aws.ConfigClusterResolver]: Resolving eureka endpoints via configuration
2024-08-24 23:50:53 INFO [com.netflix.discovery.shared.resolver.aws.ConfigClusterResolver]: Resolving eureka endpoints via configuration
2024-08-24 23:55:53 INFO [com.netflix.discovery.shared.resolver.aws.ConfigClusterResolver]: Resolving eureka endpoints via configuration
