2024-08-23 22:55:19 INFO [com.example.socialservice.ContentServiceApplication]: Starting ContentServiceApplication using Java 20.0.2 on GJS-20230828PFY with PID 41260 (D:\上课资料\软工大作业\final-music\music-web-master\social-service\target\classes started by Windows11 in D:\上课资料\软工大作业\final-music\music-web-master\social-service)
2024-08-23 22:55:19 INFO [com.example.socialservice.ContentServiceApplication]: The following profiles are active: dev
2024-08-23 22:55:19 INFO [org.springframework.boot.devtools.env.DevToolsPropertyDefaultsPostProcessor]: Devtools property defaults active! Set 'spring.devtools.add-properties' to 'false' to disable
2024-08-23 22:55:19 INFO [org.springframework.boot.devtools.env.DevToolsPropertyDefaultsPostProcessor]: For additional web related logging consider setting the 'logging.level.web' property to 'DEBUG'
2024-08-23 22:55:19 INFO [org.springframework.data.repository.config.RepositoryConfigurationDelegate]: Multiple Spring Data modules found, entering strict repository configuration mode!
2024-08-23 22:55:19 INFO [org.springframework.data.repository.config.RepositoryConfigurationDelegate]: Bootstrapping Spring Data Redis repositories in DEFAULT mode.
2024-08-23 22:55:19 INFO [org.springframework.data.repository.config.RepositoryConfigurationDelegate]: Finished Spring Data repository scanning in 5 ms. Found 0 Redis repository interfaces.
2024-08-23 22:55:19 INFO [org.springframework.cloud.context.scope.GenericScope]: BeanFactory id=30b42986-01d3-3332-9c93-e33bee5e850b
2024-08-23 22:55:20 INFO [org.springframework.boot.web.embedded.tomcat.TomcatWebServer]: Tomcat initialized with port(s): 8083 (http)
2024-08-23 22:55:20 INFO [org.springframework.boot.web.servlet.context.ServletWebServerApplicationContext]: Root WebApplicationContext: initialization completed in 1052 ms
2024-08-23 22:55:20 WARN [org.springframework.boot.web.servlet.context.AnnotationConfigServletWebServerApplicationContext]: Exception encountered during context initialization - cancelling refresh attempt: org.springframework.beans.factory.UnsatisfiedDependencyException: Error creating bean with name 'appealsController': Unsatisfied dependency expressed through field 'appealsService'; nested exception is org.springframework.beans.factory.UnsatisfiedDependencyException: Error creating bean with name 'appealsServiceImpl': Unsatisfied dependency expressed through field 'baseMapper'; nested exception is org.springframework.beans.factory.UnsatisfiedDependencyException: Error creating bean with name 'appealsMapper' defined in file [D:\上课资料\软工大作业\final-music\music-web-master\social-service\target\classes\com\example\socialservice\mapper\AppealsMapper.class]: Unsatisfied dependency expressed through bean property 'sqlSessionFactory'; nested exception is org.springframework.beans.factory.BeanCreationException: Error creating bean with name 'sqlSessionFactory' defined in class path resource [com/baomidou/mybatisplus/autoconfigure/MybatisPlusAutoConfiguration.class]: Bean instantiation via factory method failed; nested exception is org.springframework.beans.BeanInstantiationException: Failed to instantiate [org.apache.ibatis.session.SqlSessionFactory]: Factory method 'sqlSessionFactory' threw exception; nested exception is org.springframework.core.NestedIOException: Failed to parse mapping resource: 'file [D:\上课资料\软工大作业\final-music\music-web-master\social-service\target\classes\mapper\CommentMapper.xml]'; nested exception is org.apache.ibatis.builder.BuilderException: Error parsing Mapper XML. The XML location is 'file [D:\上课资料\软工大作业\final-music\music-web-master\social-service\target\classes\mapper\CommentMapper.xml]'. Cause: org.apache.ibatis.builder.BuilderException: Error resolving class. Cause: org.apache.ibatis.type.TypeException: Could not resolve type alias 'com.example.liu.model.domain.Comment'.  Cause: java.lang.ClassNotFoundException: Cannot find class: com.example.liu.model.domain.Comment
2024-08-23 22:55:20 INFO [org.springframework.boot.autoconfigure.logging.ConditionEvaluationReportLoggingListener]: 

Error starting ApplicationContext. To display the conditions report re-run your application with 'debug' enabled.
2024-08-23 22:55:20 ERROR [org.springframework.boot.SpringApplication]: Application run failed
org.springframework.beans.factory.UnsatisfiedDependencyException: Error creating bean with name 'appealsController': Unsatisfied dependency expressed through field 'appealsService'; nested exception is org.springframework.beans.factory.UnsatisfiedDependencyException: Error creating bean with name 'appealsServiceImpl': Unsatisfied dependency expressed through field 'baseMapper'; nested exception is org.springframework.beans.factory.UnsatisfiedDependencyException: Error creating bean with name 'appealsMapper' defined in file [D:\上课资料\软工大作业\final-music\music-web-master\social-service\target\classes\com\example\socialservice\mapper\AppealsMapper.class]: Unsatisfied dependency expressed through bean property 'sqlSessionFactory'; nested exception is org.springframework.beans.factory.BeanCreationException: Error creating bean with name 'sqlSessionFactory' defined in class path resource [com/baomidou/mybatisplus/autoconfigure/MybatisPlusAutoConfiguration.class]: Bean instantiation via factory method failed; nested exception is org.springframework.beans.BeanInstantiationException: Failed to instantiate [org.apache.ibatis.session.SqlSessionFactory]: Factory method 'sqlSessionFactory' threw exception; nested exception is org.springframework.core.NestedIOException: Failed to parse mapping resource: 'file [D:\上课资料\软工大作业\final-music\music-web-master\social-service\target\classes\mapper\CommentMapper.xml]'; nested exception is org.apache.ibatis.builder.BuilderException: Error parsing Mapper XML. The XML location is 'file [D:\上课资料\软工大作业\final-music\music-web-master\social-service\target\classes\mapper\CommentMapper.xml]'. Cause: org.apache.ibatis.builder.BuilderException: Error resolving class. Cause: org.apache.ibatis.type.TypeException: Could not resolve type alias 'com.example.liu.model.domain.Comment'.  Cause: java.lang.ClassNotFoundException: Cannot find class: com.example.liu.model.domain.Comment
	at org.springframework.beans.factory.annotation.AutowiredAnnotationBeanPostProcessor$AutowiredFieldElement.resolveFieldValue(AutowiredAnnotationBeanPostProcessor.java:659)
	at org.springframework.beans.factory.annotation.AutowiredAnnotationBeanPostProcessor$AutowiredFieldElement.inject(AutowiredAnnotationBeanPostProcessor.java:639)
	at org.springframework.beans.factory.annotation.InjectionMetadata.inject(InjectionMetadata.java:119)
	at org.springframework.beans.factory.annotation.AutowiredAnnotationBeanPostProcessor.postProcessProperties(AutowiredAnnotationBeanPostProcessor.java:399)
	at org.springframework.beans.factory.support.AbstractAutowireCapableBeanFactory.populateBean(AbstractAutowireCapableBeanFactory.java:1431)
	at org.springframework.beans.factory.support.AbstractAutowireCapableBeanFactory.doCreateBean(AbstractAutowireCapableBeanFactory.java:619)
	at org.springframework.beans.factory.support.AbstractAutowireCapableBeanFactory.createBean(AbstractAutowireCapableBeanFactory.java:542)
	at org.springframework.beans.factory.support.AbstractBeanFactory.lambda$doGetBean$0(AbstractBeanFactory.java:335)
	at org.springframework.beans.factory.support.DefaultSingletonBeanRegistry.getSingleton(DefaultSingletonBeanRegistry.java:234)
	at org.springframework.beans.factory.support.AbstractBeanFactory.doGetBean(AbstractBeanFactory.java:333)
	at org.springframework.beans.factory.support.AbstractBeanFactory.getBean(AbstractBeanFactory.java:208)
	at org.springframework.beans.factory.support.DefaultListableBeanFactory.preInstantiateSingletons(DefaultListableBeanFactory.java:953)
	at org.springframework.context.support.AbstractApplicationContext.finishBeanFactoryInitialization(AbstractApplicationContext.java:918)
	at org.springframework.context.support.AbstractApplicationContext.refresh(AbstractApplicationContext.java:583)
	at org.springframework.boot.web.servlet.context.ServletWebServerApplicationContext.refresh(ServletWebServerApplicationContext.java:145)
	at org.springframework.boot.SpringApplication.refresh(SpringApplication.java:730)
	at org.springframework.boot.SpringApplication.refreshContext(SpringApplication.java:412)
	at org.springframework.boot.SpringApplication.run(SpringApplication.java:302)
	at org.springframework.boot.SpringApplication.run(SpringApplication.java:1301)
	at org.springframework.boot.SpringApplication.run(SpringApplication.java:1290)
	at com.example.socialservice.ContentServiceApplication.main(ContentServiceApplication.java:16)
	at java.base/jdk.internal.reflect.DirectMethodHandleAccessor.invoke(DirectMethodHandleAccessor.java:104)
	at java.base/java.lang.reflect.Method.invoke(Method.java:578)
	at org.springframework.boot.devtools.restart.RestartLauncher.run(RestartLauncher.java:49)
Caused by: org.springframework.beans.factory.UnsatisfiedDependencyException: Error creating bean with name 'appealsServiceImpl': Unsatisfied dependency expressed through field 'baseMapper'; nested exception is org.springframework.beans.factory.UnsatisfiedDependencyException: Error creating bean with name 'appealsMapper' defined in file [D:\上课资料\软工大作业\final-music\music-web-master\social-service\target\classes\com\example\socialservice\mapper\AppealsMapper.class]: Unsatisfied dependency expressed through bean property 'sqlSessionFactory'; nested exception is org.springframework.beans.factory.BeanCreationException: Error creating bean with name 'sqlSessionFactory' defined in class path resource [com/baomidou/mybatisplus/autoconfigure/MybatisPlusAutoConfiguration.class]: Bean instantiation via factory method failed; nested exception is org.springframework.beans.BeanInstantiationException: Failed to instantiate [org.apache.ibatis.session.SqlSessionFactory]: Factory method 'sqlSessionFactory' threw exception; nested exception is org.springframework.core.NestedIOException: Failed to parse mapping resource: 'file [D:\上课资料\软工大作业\final-music\music-web-master\social-service\target\classes\mapper\CommentMapper.xml]'; nested exception is org.apache.ibatis.builder.BuilderException: Error parsing Mapper XML. The XML location is 'file [D:\上课资料\软工大作业\final-music\music-web-master\social-service\target\classes\mapper\CommentMapper.xml]'. Cause: org.apache.ibatis.builder.BuilderException: Error resolving class. Cause: org.apache.ibatis.type.TypeException: Could not resolve type alias 'com.example.liu.model.domain.Comment'.  Cause: java.lang.ClassNotFoundException: Cannot find class: com.example.liu.model.domain.Comment
	at org.springframework.beans.factory.annotation.AutowiredAnnotationBeanPostProcessor$AutowiredFieldElement.resolveFieldValue(AutowiredAnnotationBeanPostProcessor.java:659)
	at org.springframework.beans.factory.annotation.AutowiredAnnotationBeanPostProcessor$AutowiredFieldElement.inject(AutowiredAnnotationBeanPostProcessor.java:639)
	at org.springframework.beans.factory.annotation.InjectionMetadata.inject(InjectionMetadata.java:119)
	at org.springframework.beans.factory.annotation.AutowiredAnnotationBeanPostProcessor.postProcessProperties(AutowiredAnnotationBeanPostProcessor.java:399)
	at org.springframework.beans.factory.support.AbstractAutowireCapableBeanFactory.populateBean(AbstractAutowireCapableBeanFactory.java:1431)
	at org.springframework.beans.factory.support.AbstractAutowireCapableBeanFactory.doCreateBean(AbstractAutowireCapableBeanFactory.java:619)
	at org.springframework.beans.factory.support.AbstractAutowireCapableBeanFactory.createBean(AbstractAutowireCapableBeanFactory.java:542)
	at org.springframework.beans.factory.support.AbstractBeanFactory.lambda$doGetBean$0(AbstractBeanFactory.java:335)
	at org.springframework.beans.factory.support.DefaultSingletonBeanRegistry.getSingleton(DefaultSingletonBeanRegistry.java:234)
	at org.springframework.beans.factory.support.AbstractBeanFactory.doGetBean(AbstractBeanFactory.java:333)
	at org.springframework.beans.factory.support.AbstractBeanFactory.getBean(AbstractBeanFactory.java:208)
	at org.springframework.beans.factory.config.DependencyDescriptor.resolveCandidate(DependencyDescriptor.java:276)
	at org.springframework.beans.factory.support.DefaultListableBeanFactory.doResolveDependency(DefaultListableBeanFactory.java:1389)
	at org.springframework.beans.factory.support.DefaultListableBeanFactory.resolveDependency(DefaultListableBeanFactory.java:1309)
	at org.springframework.beans.factory.annotation.AutowiredAnnotationBeanPostProcessor$AutowiredFieldElement.resolveFieldValue(AutowiredAnnotationBeanPostProcessor.java:656)
	... 23 more
Caused by: org.springframework.beans.factory.UnsatisfiedDependencyException: Error creating bean with name 'appealsMapper' defined in file [D:\上课资料\软工大作业\final-music\music-web-master\social-service\target\classes\com\example\socialservice\mapper\AppealsMapper.class]: Unsatisfied dependency expressed through bean property 'sqlSessionFactory'; nested exception is org.springframework.beans.factory.BeanCreationException: Error creating bean with name 'sqlSessionFactory' defined in class path resource [com/baomidou/mybatisplus/autoconfigure/MybatisPlusAutoConfiguration.class]: Bean instantiation via factory method failed; nested exception is org.springframework.beans.BeanInstantiationException: Failed to instantiate [org.apache.ibatis.session.SqlSessionFactory]: Factory method 'sqlSessionFactory' threw exception; nested exception is org.springframework.core.NestedIOException: Failed to parse mapping resource: 'file [D:\上课资料\软工大作业\final-music\music-web-master\social-service\target\classes\mapper\CommentMapper.xml]'; nested exception is org.apache.ibatis.builder.BuilderException: Error parsing Mapper XML. The XML location is 'file [D:\上课资料\软工大作业\final-music\music-web-master\social-service\target\classes\mapper\CommentMapper.xml]'. Cause: org.apache.ibatis.builder.BuilderException: Error resolving class. Cause: org.apache.ibatis.type.TypeException: Could not resolve type alias 'com.example.liu.model.domain.Comment'.  Cause: java.lang.ClassNotFoundException: Cannot find class: com.example.liu.model.domain.Comment
	at org.springframework.beans.factory.support.AbstractAutowireCapableBeanFactory.autowireByType(AbstractAutowireCapableBeanFactory.java:1534)
	at org.springframework.beans.factory.support.AbstractAutowireCapableBeanFactory.populateBean(AbstractAutowireCapableBeanFactory.java:1417)
	at org.springframework.beans.factory.support.AbstractAutowireCapableBeanFactory.doCreateBean(AbstractAutowireCapableBeanFactory.java:619)
	at org.springframework.beans.factory.support.AbstractAutowireCapableBeanFactory.createBean(AbstractAutowireCapableBeanFactory.java:542)
	at org.springframework.beans.factory.support.AbstractBeanFactory.lambda$doGetBean$0(AbstractBeanFactory.java:335)
	at org.springframework.beans.factory.support.DefaultSingletonBeanRegistry.getSingleton(DefaultSingletonBeanRegistry.java:234)
	at org.springframework.beans.factory.support.AbstractBeanFactory.doGetBean(AbstractBeanFactory.java:333)
	at org.springframework.beans.factory.support.AbstractBeanFactory.getBean(AbstractBeanFactory.java:208)
	at org.springframework.beans.factory.config.DependencyDescriptor.resolveCandidate(DependencyDescriptor.java:276)
	at org.springframework.beans.factory.support.DefaultListableBeanFactory.doResolveDependency(DefaultListableBeanFactory.java:1389)
	at org.springframework.beans.factory.support.DefaultListableBeanFactory.resolveDependency(DefaultListableBeanFactory.java:1309)
	at org.springframework.beans.factory.annotation.AutowiredAnnotationBeanPostProcessor$AutowiredFieldElement.resolveFieldValue(AutowiredAnnotationBeanPostProcessor.java:656)
	... 37 more
Caused by: org.springframework.beans.factory.BeanCreationException: Error creating bean with name 'sqlSessionFactory' defined in class path resource [com/baomidou/mybatisplus/autoconfigure/MybatisPlusAutoConfiguration.class]: Bean instantiation via factory method failed; nested exception is org.springframework.beans.BeanInstantiationException: Failed to instantiate [org.apache.ibatis.session.SqlSessionFactory]: Factory method 'sqlSessionFactory' threw exception; nested exception is org.springframework.core.NestedIOException: Failed to parse mapping resource: 'file [D:\上课资料\软工大作业\final-music\music-web-master\social-service\target\classes\mapper\CommentMapper.xml]'; nested exception is org.apache.ibatis.builder.BuilderException: Error parsing Mapper XML. The XML location is 'file [D:\上课资料\软工大作业\final-music\music-web-master\social-service\target\classes\mapper\CommentMapper.xml]'. Cause: org.apache.ibatis.builder.BuilderException: Error resolving class. Cause: org.apache.ibatis.type.TypeException: Could not resolve type alias 'com.example.liu.model.domain.Comment'.  Cause: java.lang.ClassNotFoundException: Cannot find class: com.example.liu.model.domain.Comment
	at org.springframework.beans.factory.support.ConstructorResolver.instantiate(ConstructorResolver.java:658)
	at org.springframework.beans.factory.support.ConstructorResolver.instantiateUsingFactoryMethod(ConstructorResolver.java:638)
	at org.springframework.beans.factory.support.AbstractAutowireCapableBeanFactory.instantiateUsingFactoryMethod(AbstractAutowireCapableBeanFactory.java:1352)
	at org.springframework.beans.factory.support.AbstractAutowireCapableBeanFactory.createBeanInstance(AbstractAutowireCapableBeanFactory.java:1195)
	at org.springframework.beans.factory.support.AbstractAutowireCapableBeanFactory.doCreateBean(AbstractAutowireCapableBeanFactory.java:582)
	at org.springframework.beans.factory.support.AbstractAutowireCapableBeanFactory.createBean(AbstractAutowireCapableBeanFactory.java:542)
	at org.springframework.beans.factory.support.AbstractBeanFactory.lambda$doGetBean$0(AbstractBeanFactory.java:335)
	at org.springframework.beans.factory.support.DefaultSingletonBeanRegistry.getSingleton(DefaultSingletonBeanRegistry.java:234)
	at org.springframework.beans.factory.support.AbstractBeanFactory.doGetBean(AbstractBeanFactory.java:333)
	at org.springframework.beans.factory.support.AbstractBeanFactory.getBean(AbstractBeanFactory.java:208)
	at org.springframework.beans.factory.config.DependencyDescriptor.resolveCandidate(DependencyDescriptor.java:276)
	at org.springframework.beans.factory.support.DefaultListableBeanFactory.doResolveDependency(DefaultListableBeanFactory.java:1389)
	at org.springframework.beans.factory.support.DefaultListableBeanFactory.resolveDependency(DefaultListableBeanFactory.java:1309)
	at org.springframework.beans.factory.support.AbstractAutowireCapableBeanFactory.autowireByType(AbstractAutowireCapableBeanFactory.java:1519)
	... 48 more
Caused by: org.springframework.beans.BeanInstantiationException: Failed to instantiate [org.apache.ibatis.session.SqlSessionFactory]: Factory method 'sqlSessionFactory' threw exception; nested exception is org.springframework.core.NestedIOException: Failed to parse mapping resource: 'file [D:\上课资料\软工大作业\final-music\music-web-master\social-service\target\classes\mapper\CommentMapper.xml]'; nested exception is org.apache.ibatis.builder.BuilderException: Error parsing Mapper XML. The XML location is 'file [D:\上课资料\软工大作业\final-music\music-web-master\social-service\target\classes\mapper\CommentMapper.xml]'. Cause: org.apache.ibatis.builder.BuilderException: Error resolving class. Cause: org.apache.ibatis.type.TypeException: Could not resolve type alias 'com.example.liu.model.domain.Comment'.  Cause: java.lang.ClassNotFoundException: Cannot find class: com.example.liu.model.domain.Comment
	at org.springframework.beans.factory.support.SimpleInstantiationStrategy.instantiate(SimpleInstantiationStrategy.java:185)
	at org.springframework.beans.factory.support.ConstructorResolver.instantiate(ConstructorResolver.java:653)
	... 61 more
Caused by: org.springframework.core.NestedIOException: Failed to parse mapping resource: 'file [D:\上课资料\软工大作业\final-music\music-web-master\social-service\target\classes\mapper\CommentMapper.xml]'; nested exception is org.apache.ibatis.builder.BuilderException: Error parsing Mapper XML. The XML location is 'file [D:\上课资料\软工大作业\final-music\music-web-master\social-service\target\classes\mapper\CommentMapper.xml]'. Cause: org.apache.ibatis.builder.BuilderException: Error resolving class. Cause: org.apache.ibatis.type.TypeException: Could not resolve type alias 'com.example.liu.model.domain.Comment'.  Cause: java.lang.ClassNotFoundException: Cannot find class: com.example.liu.model.domain.Comment
	at com.baomidou.mybatisplus.extension.spring.MybatisSqlSessionFactoryBean.buildSqlSessionFactory(MybatisSqlSessionFactoryBean.java:562)
	at com.baomidou.mybatisplus.extension.spring.MybatisSqlSessionFactoryBean.afterPropertiesSet(MybatisSqlSessionFactoryBean.java:433)
	at com.baomidou.mybatisplus.extension.spring.MybatisSqlSessionFactoryBean.getObject(MybatisSqlSessionFactoryBean.java:628)
	at com.baomidou.mybatisplus.autoconfigure.MybatisPlusAutoConfiguration.sqlSessionFactory(MybatisPlusAutoConfiguration.java:219)
	at java.base/jdk.internal.reflect.DirectMethodHandleAccessor.invoke(DirectMethodHandleAccessor.java:104)
	at java.base/java.lang.reflect.Method.invoke(Method.java:578)
	at org.springframework.beans.factory.support.SimpleInstantiationStrategy.instantiate(SimpleInstantiationStrategy.java:154)
	... 62 more
Caused by: org.apache.ibatis.builder.BuilderException: Error parsing Mapper XML. The XML location is 'file [D:\上课资料\软工大作业\final-music\music-web-master\social-service\target\classes\mapper\CommentMapper.xml]'. Cause: org.apache.ibatis.builder.BuilderException: Error resolving class. Cause: org.apache.ibatis.type.TypeException: Could not resolve type alias 'com.example.liu.model.domain.Comment'.  Cause: java.lang.ClassNotFoundException: Cannot find class: com.example.liu.model.domain.Comment
	at org.apache.ibatis.builder.xml.XMLMapperBuilder.configurationElement(XMLMapperBuilder.java:123)
	at org.apache.ibatis.builder.xml.XMLMapperBuilder.parse(XMLMapperBuilder.java:95)
	at com.baomidou.mybatisplus.extension.spring.MybatisSqlSessionFactoryBean.buildSqlSessionFactory(MybatisSqlSessionFactoryBean.java:560)
	... 68 more
Caused by: org.apache.ibatis.builder.BuilderException: Error resolving class. Cause: org.apache.ibatis.type.TypeException: Could not resolve type alias 'com.example.liu.model.domain.Comment'.  Cause: java.lang.ClassNotFoundException: Cannot find class: com.example.liu.model.domain.Comment
	at org.apache.ibatis.builder.BaseBuilder.resolveClass(BaseBuilder.java:118)
	at org.apache.ibatis.builder.xml.XMLMapperBuilder.resultMapElement(XMLMapperBuilder.java:263)
	at org.apache.ibatis.builder.xml.XMLMapperBuilder.resultMapElement(XMLMapperBuilder.java:254)
	at org.apache.ibatis.builder.xml.XMLMapperBuilder.resultMapElements(XMLMapperBuilder.java:246)
	at org.apache.ibatis.builder.xml.XMLMapperBuilder.configurationElement(XMLMapperBuilder.java:119)
	... 70 more
Caused by: org.apache.ibatis.type.TypeException: Could not resolve type alias 'com.example.liu.model.domain.Comment'.  Cause: java.lang.ClassNotFoundException: Cannot find class: com.example.liu.model.domain.Comment
	at org.apache.ibatis.type.TypeAliasRegistry.resolveAlias(TypeAliasRegistry.java:120)
	at org.apache.ibatis.builder.BaseBuilder.resolveAlias(BaseBuilder.java:149)
	at org.apache.ibatis.builder.BaseBuilder.resolveClass(BaseBuilder.java:116)
	... 74 more
Caused by: java.lang.ClassNotFoundException: Cannot find class: com.example.liu.model.domain.Comment
	at org.apache.ibatis.io.ClassLoaderWrapper.classForName(ClassLoaderWrapper.java:196)
	at org.apache.ibatis.io.ClassLoaderWrapper.classForName(ClassLoaderWrapper.java:89)
	at org.apache.ibatis.io.Resources.classForName(Resources.java:261)
	at org.apache.ibatis.type.TypeAliasRegistry.resolveAlias(TypeAliasRegistry.java:116)
	... 76 more
2024-08-23 23:12:27 INFO [com.example.socialservice.ContentServiceApplication]: Starting ContentServiceApplication using Java 20.0.2 on GJS-20230828PFY with PID 35292 (D:\上课资料\软工大作业\final-music\music-web-master\social-service\target\classes started by Windows11 in D:\上课资料\软工大作业\final-music\music-web-master\social-service)
2024-08-23 23:12:27 INFO [com.example.socialservice.ContentServiceApplication]: The following profiles are active: dev
2024-08-23 23:12:27 INFO [org.springframework.boot.devtools.env.DevToolsPropertyDefaultsPostProcessor]: Devtools property defaults active! Set 'spring.devtools.add-properties' to 'false' to disable
2024-08-23 23:12:27 INFO [org.springframework.boot.devtools.env.DevToolsPropertyDefaultsPostProcessor]: For additional web related logging consider setting the 'logging.level.web' property to 'DEBUG'
2024-08-23 23:12:28 INFO [org.springframework.data.repository.config.RepositoryConfigurationDelegate]: Multiple Spring Data modules found, entering strict repository configuration mode!
2024-08-23 23:12:28 INFO [org.springframework.data.repository.config.RepositoryConfigurationDelegate]: Bootstrapping Spring Data Redis repositories in DEFAULT mode.
2024-08-23 23:12:28 INFO [org.springframework.data.repository.config.RepositoryConfigurationDelegate]: Finished Spring Data repository scanning in 4 ms. Found 0 Redis repository interfaces.
2024-08-23 23:12:28 INFO [org.springframework.cloud.context.scope.GenericScope]: BeanFactory id=30b42986-01d3-3332-9c93-e33bee5e850b
2024-08-23 23:12:28 INFO [org.springframework.boot.web.embedded.tomcat.TomcatWebServer]: Tomcat initialized with port(s): 8083 (http)
2024-08-23 23:12:28 INFO [org.springframework.boot.web.servlet.context.ServletWebServerApplicationContext]: Root WebApplicationContext: initialization completed in 1025 ms
2024-08-23 23:12:29 WARN [org.springframework.boot.devtools.autoconfigure.OptionalLiveReloadServer]: Unable to start LiveReload server
2024-08-23 23:12:29 INFO [org.springframework.cloud.openfeign.FeignClientFactoryBean]: For 'consumer-service' URL not provided. Will try picking an instance via load-balancing.
2024-08-23 23:12:29 INFO [org.springframework.cloud.openfeign.FeignClientFactoryBean]: For 'social-service' URL not provided. Will try picking an instance via load-balancing.
2024-08-23 23:12:30 INFO [org.springframework.cloud.netflix.eureka.config.DiscoveryClientOptionalArgsConfiguration]: Eureka HTTP Client uses RestTemplate.
2024-08-23 23:12:30 WARN [org.springframework.cloud.loadbalancer.config.LoadBalancerCacheAutoConfiguration$LoadBalancerCaffeineWarnLogger]: Spring Cloud LoadBalancer is currently working with the default cache. While this cache implementation is useful for development and tests, it's recommended to use Caffeine cache in production.You can switch to using Caffeine cache, by adding it and org.springframework.cache.caffeine.CaffeineCacheManager to the classpath.
2024-08-23 23:12:30 INFO [org.springframework.cloud.netflix.eureka.InstanceInfoFactory]: Setting initial instance status as: STARTING
2024-08-23 23:12:30 INFO [com.netflix.discovery.DiscoveryClient]: Initializing Eureka in region us-east-1
2024-08-23 23:12:30 INFO [com.netflix.discovery.shared.resolver.aws.ConfigClusterResolver]: Resolving eureka endpoints via configuration
2024-08-23 23:12:30 INFO [com.netflix.discovery.DiscoveryClient]: Disable delta property : false
2024-08-23 23:12:30 INFO [com.netflix.discovery.DiscoveryClient]: Single vip registry refresh property : null
2024-08-23 23:12:30 INFO [com.netflix.discovery.DiscoveryClient]: Force full registry fetch : false
2024-08-23 23:12:30 INFO [com.netflix.discovery.DiscoveryClient]: Application is null : false
2024-08-23 23:12:30 INFO [com.netflix.discovery.DiscoveryClient]: Registered Applications size is zero : true
2024-08-23 23:12:30 INFO [com.netflix.discovery.DiscoveryClient]: Application version is -1: true
2024-08-23 23:12:30 INFO [com.netflix.discovery.DiscoveryClient]: Getting all instance registry info from the eureka server
2024-08-23 23:12:30 INFO [com.netflix.discovery.DiscoveryClient]: The response status is 200
2024-08-23 23:12:30 INFO [com.netflix.discovery.DiscoveryClient]: Starting heartbeat executor: renew interval is: 30
2024-08-23 23:12:30 INFO [com.netflix.discovery.InstanceInfoReplicator]: InstanceInfoReplicator onDemand update allowed rate per min is 4
2024-08-23 23:12:30 INFO [com.netflix.discovery.DiscoveryClient]: Discovery Client initialized at timestamp 1724425950468 with initial instances count: 3
2024-08-23 23:12:30 INFO [org.springframework.cloud.netflix.eureka.serviceregistry.EurekaServiceRegistry]: Registering application SOCIAL-SERVICE with eureka with status UP
2024-08-23 23:12:30 INFO [com.netflix.discovery.DiscoveryClient]: Saw local status change event StatusChangeEvent [timestamp=1724425950470, current=UP, previous=STARTING]
2024-08-23 23:12:30 INFO [com.netflix.discovery.DiscoveryClient]: DiscoveryClient_SOCIAL-SERVICE/GJS-20230828PFY:social-service:8083: registering service...
2024-08-23 23:12:30 INFO [org.springframework.boot.web.embedded.tomcat.TomcatWebServer]: Tomcat started on port(s): 8083 (http) with context path ''
2024-08-23 23:12:30 INFO [org.springframework.cloud.netflix.eureka.serviceregistry.EurekaAutoServiceRegistration]: Updating port to 8083
2024-08-23 23:12:30 INFO [com.netflix.discovery.DiscoveryClient]: DiscoveryClient_SOCIAL-SERVICE/GJS-20230828PFY:social-service:8083 - registration status: 204
2024-08-23 23:12:30 INFO [com.example.socialservice.ContentServiceApplication]: Started ContentServiceApplication in 3.161 seconds (JVM running for 3.446)
2024-08-23 23:17:30 INFO [com.netflix.discovery.shared.resolver.aws.ConfigClusterResolver]: Resolving eureka endpoints via configuration
2024-08-23 23:22:30 INFO [com.netflix.discovery.shared.resolver.aws.ConfigClusterResolver]: Resolving eureka endpoints via configuration
2024-08-23 23:27:30 INFO [com.netflix.discovery.shared.resolver.aws.ConfigClusterResolver]: Resolving eureka endpoints via configuration
2024-08-23 23:32:30 INFO [com.netflix.discovery.shared.resolver.aws.ConfigClusterResolver]: Resolving eureka endpoints via configuration
2024-08-23 23:37:30 INFO [com.netflix.discovery.shared.resolver.aws.ConfigClusterResolver]: Resolving eureka endpoints via configuration
2024-08-23 23:42:30 INFO [com.netflix.discovery.shared.resolver.aws.ConfigClusterResolver]: Resolving eureka endpoints via configuration
2024-08-23 23:47:30 INFO [com.netflix.discovery.shared.resolver.aws.ConfigClusterResolver]: Resolving eureka endpoints via configuration
2024-08-23 23:52:30 INFO [com.netflix.discovery.shared.resolver.aws.ConfigClusterResolver]: Resolving eureka endpoints via configuration
